Release 14.7 - xst P.20131013 (nt64)
Copyright (c) 1995-2013 Xilinx, Inc.  All rights reserved.
--> Parameter TMPDIR set to xst/projnav.tmp


Total REAL time to Xst completion: 0.00 secs
Total CPU time to Xst completion: 0.05 secs
 
--> Parameter xsthdpdir set to xst


Total REAL time to Xst completion: 0.00 secs
Total CPU time to Xst completion: 0.05 secs
 
--> Reading design: TOP.prj

TABLE OF CONTENTS
  1) Synthesis Options Summary
  2) HDL Compilation
  3) Design Hierarchy Analysis
  4) HDL Analysis
  5) HDL Synthesis
     5.1) HDL Synthesis Report
  6) Advanced HDL Synthesis
     6.1) Advanced HDL Synthesis Report
  7) Low Level Synthesis
  8) Partition Report
  9) Final Report
	9.1) Device utilization summary
	9.2) Partition Resource Summary
	9.3) TIMING REPORT


=========================================================================
*                      Synthesis Options Summary                        *
=========================================================================
---- Source Parameters
Input File Name                    : "TOP.prj"
Input Format                       : mixed
Ignore Synthesis Constraint File   : NO

---- Target Parameters
Output File Name                   : "TOP"
Output Format                      : NGC
Target Device                      : xc3s500e-4-fg320

---- Source Options
Top Module Name                    : TOP
Automatic FSM Extraction           : YES
FSM Encoding Algorithm             : Auto
Safe Implementation                : No
FSM Style                          : LUT
RAM Extraction                     : Yes
RAM Style                          : Auto
ROM Extraction                     : Yes
Mux Style                          : Auto
Decoder Extraction                 : YES
Priority Encoder Extraction        : Yes
Shift Register Extraction          : YES
Logical Shifter Extraction         : YES
XOR Collapsing                     : YES
ROM Style                          : Auto
Mux Extraction                     : Yes
Resource Sharing                   : YES
Asynchronous To Synchronous        : NO
Multiplier Style                   : Auto
Automatic Register Balancing       : No

---- Target Options
Add IO Buffers                     : YES
Global Maximum Fanout              : 100000
Add Generic Clock Buffer(BUFG)     : 24
Register Duplication               : YES
Slice Packing                      : YES
Optimize Instantiated Primitives   : NO
Use Clock Enable                   : Yes
Use Synchronous Set                : Yes
Use Synchronous Reset              : Yes
Pack IO Registers into IOBs        : Auto
Equivalent register Removal        : YES

---- General Options
Optimization Goal                  : Speed
Optimization Effort                : 1
Keep Hierarchy                     : No
Netlist Hierarchy                  : As_Optimized
RTL Output                         : Yes
Global Optimization                : AllClockNets
Read Cores                         : YES
Write Timing Constraints           : NO
Cross Clock Analysis               : NO
Hierarchy Separator                : /
Bus Delimiter                      : <>
Case Specifier                     : Maintain
Slice Utilization Ratio            : 100
BRAM Utilization Ratio             : 100
Verilog 2001                       : YES
Auto BRAM Packing                  : NO
Slice Utilization Ratio Delta      : 5

=========================================================================


=========================================================================
*                          HDL Compilation                              *
=========================================================================
Compiling verilog file "MODE4_SANGDON.v" in library work
Compiling verilog file "MODE3_LEDCHAY_TRAIPHAI.v" in library work
Module <MODE4_SANGDON> compiled
Compiling verilog file "MODE2_LEDSANGDAN_TATDAN.v" in library work
Module <MODE3_LEDCHAY_TRAIPHAI> compiled
Compiling verilog file "MODE1_LEDCHOPTAT.v" in library work
Module <MODE2_LEDSANGDAN_TATDAN> compiled
Compiling verilog file "DIV_CLK_4_MODE.v" in library work
Module <MODE1_LEDCHOPTAT> compiled
Compiling verilog file "TOP.v" in library work
Module <DIV_CLK_4_MODE> compiled
Module <TOP> compiled
No errors in compilation
Analysis of file <"TOP.prj"> succeeded.
 

=========================================================================
*                     Design Hierarchy Analysis                         *
=========================================================================
Analyzing hierarchy for module <TOP> in library <work>.

Analyzing hierarchy for module <DIV_CLK_4_MODE> in library <work>.

Analyzing hierarchy for module <MODE1_LEDCHOPTAT> in library <work>.

Analyzing hierarchy for module <MODE2_LEDSANGDAN_TATDAN> in library <work>.

Analyzing hierarchy for module <MODE3_LEDCHAY_TRAIPHAI> in library <work>.

Analyzing hierarchy for module <MODE4_SANGDON> in library <work>.


=========================================================================
*                            HDL Analysis                               *
=========================================================================
Analyzing top module <TOP>.
Module <TOP> is correct for synthesis.
 
Analyzing module <DIV_CLK_4_MODE> in library <work>.
Module <DIV_CLK_4_MODE> is correct for synthesis.
 
Analyzing module <MODE1_LEDCHOPTAT> in library <work>.
Module <MODE1_LEDCHOPTAT> is correct for synthesis.
 
Analyzing module <MODE2_LEDSANGDAN_TATDAN> in library <work>.
Module <MODE2_LEDSANGDAN_TATDAN> is correct for synthesis.
 
Analyzing module <MODE3_LEDCHAY_TRAIPHAI> in library <work>.
Module <MODE3_LEDCHAY_TRAIPHAI> is correct for synthesis.
 
Analyzing module <MODE4_SANGDON> in library <work>.
Module <MODE4_SANGDON> is correct for synthesis.
 

=========================================================================
*                           HDL Synthesis                               *
=========================================================================

Performing bidirectional port resolution...

Synthesizing Unit <DIV_CLK_4_MODE>.
    Related source file is "DIV_CLK_4_MODE.v".
    Found 1-bit register for signal <OUT>.
    Found 25-bit register for signal <counter>.
    Found 25-bit 4-to-1 multiplexer for signal <counter$mux0000> created at line 38.
    Found 25-bit adder for signal <old_counter_1$add0000> created at line 36.
    Found 1-bit 4-to-1 multiplexer for signal <OUT$mux0000> created at line 38.
    Summary:
	inferred  26 D-type flip-flop(s).
	inferred   1 Adder/Subtractor(s).
	inferred  26 Multiplexer(s).
Unit <DIV_CLK_4_MODE> synthesized.


Synthesizing Unit <MODE1_LEDCHOPTAT>.
    Related source file is "MODE1_LEDCHOPTAT.v".
    Found 8-bit register for signal <OUT>.
    Summary:
	inferred   8 D-type flip-flop(s).
Unit <MODE1_LEDCHOPTAT> synthesized.


Synthesizing Unit <MODE2_LEDSANGDAN_TATDAN>.
    Related source file is "MODE2_LEDSANGDAN_TATDAN.v".
    Found 8-bit register for signal <OUT>.
    Found 8-bit adder for signal <OUT$addsub0000> created at line 36.
    Summary:
	inferred   8 D-type flip-flop(s).
	inferred   1 Adder/Subtractor(s).
Unit <MODE2_LEDSANGDAN_TATDAN> synthesized.


Synthesizing Unit <MODE3_LEDCHAY_TRAIPHAI>.
    Related source file is "MODE3_LEDCHAY_TRAIPHAI.v".
    Found 8-bit register for signal <OUT>.
    Found 1-bit register for signal <direction>.
    Summary:
	inferred   9 D-type flip-flop(s).
Unit <MODE3_LEDCHAY_TRAIPHAI> synthesized.


Synthesizing Unit <MODE4_SANGDON>.
    Related source file is "MODE4_SANGDON.v".
    Found 8-bit register for signal <OUT>.
    Found 8-bit adder for signal <old_OUT_6$addsub0000> created at line 42.
    Found 8-bit comparator equal for signal <old_OUT_6$cmp_eq0000> created at line 41.
    Found 8-bit register for signal <temp>.
    Summary:
	inferred  16 D-type flip-flop(s).
	inferred   1 Adder/Subtractor(s).
	inferred   1 Comparator(s).
Unit <MODE4_SANGDON> synthesized.


Synthesizing Unit <TOP>.
    Related source file is "TOP.v".
WARNING:Xst:647 - Input <reset> is never used. This port will be preserved and left unconnected if it belongs to a top-level block or it belongs to a sub-block and the hierarchy of this sub-block is preserved.
    Found 8-bit register for signal <OUT>.
    Found 4-bit register for signal <en_internal>.
    Found 1-of-4 decoder for signal <en_internal$mux0000>.
    Found 8-bit 4-to-1 multiplexer for signal <OUT$mux0000>.
    Found 4-bit register for signal <reset_internal>.
    Found 1-of-4 decoder for signal <reset_internal$mux0000>.
    Summary:
	inferred  16 D-type flip-flop(s).
	inferred   8 Multiplexer(s).
	inferred   2 Decoder(s).
Unit <TOP> synthesized.


=========================================================================
HDL Synthesis Report

Macro Statistics
# Adders/Subtractors                                   : 3
 25-bit adder                                          : 1
 8-bit adder                                           : 2
# Registers                                            : 11
 1-bit register                                        : 2
 25-bit register                                       : 1
 4-bit register                                        : 2
 8-bit register                                        : 6
# Comparators                                          : 1
 8-bit comparator equal                                : 1
# Multiplexers                                         : 3
 1-bit 4-to-1 multiplexer                              : 1
 25-bit 4-to-1 multiplexer                             : 1
 8-bit 4-to-1 multiplexer                              : 1
# Decoders                                             : 2
 1-of-4 decoder                                        : 2

=========================================================================

=========================================================================
*                       Advanced HDL Synthesis                          *
=========================================================================


=========================================================================
Advanced HDL Synthesis Report

Macro Statistics
# Adders/Subtractors                                   : 3
 25-bit adder                                          : 1
 8-bit adder                                           : 2
# Registers                                            : 83
 Flip-Flops                                            : 83
# Comparators                                          : 1
 8-bit comparator equal                                : 1
# Multiplexers                                         : 3
 1-bit 4-to-1 multiplexer                              : 1
 25-bit 4-to-1 multiplexer                             : 1
 8-bit 4-to-1 multiplexer                              : 1
# Decoders                                             : 2
 1-of-4 decoder                                        : 2

=========================================================================

=========================================================================
*                         Low Level Synthesis                           *
=========================================================================

Optimizing unit <TOP> ...

Optimizing unit <DIV_CLK_4_MODE> ...

Optimizing unit <MODE1_LEDCHOPTAT> ...

Optimizing unit <MODE2_LEDSANGDAN_TATDAN> ...

Optimizing unit <MODE3_LEDCHAY_TRAIPHAI> ...

Optimizing unit <MODE4_SANGDON> ...

Mapping all equations...
Building and optimizing final netlist ...
Found area constraint ratio of 100 (+ 5) on block TOP, actual ratio is 2.

Final Macro Processing ...

=========================================================================
Final Register Report

Macro Statistics
# Registers                                            : 83
 Flip-Flops                                            : 83

=========================================================================

=========================================================================
*                           Partition Report                            *
=========================================================================

Partition Implementation Status
-------------------------------

  No Partitions were found in this design.

-------------------------------

=========================================================================
*                            Final Report                               *
=========================================================================
Final Results
RTL Top Level Output File Name     : TOP.ngr
Top Level Output File Name         : TOP
Output Format                      : NGC
Optimization Goal                  : Speed
Keep Hierarchy                     : No

Design Statistics
# IOs                              : 14

Cell Usage :
# BELS                             : 301
#      GND                         : 1
#      INV                         : 13
#      LUT1                        : 23
#      LUT2                        : 12
#      LUT2_D                      : 1
#      LUT2_L                      : 1
#      LUT3                        : 40
#      LUT3_D                      : 7
#      LUT3_L                      : 5
#      LUT4                        : 97
#      LUT4_D                      : 15
#      LUT4_L                      : 10
#      MUXCY                       : 24
#      MUXF5                       : 25
#      MUXF6                       : 1
#      VCC                         : 1
#      XORCY                       : 25
# FlipFlops/Latches                : 83
#      FD                          : 36
#      FDR                         : 14
#      FDRE                        : 22
#      FDRS                        : 4
#      FDS                         : 4
#      FDSE                        : 3
# Clock Buffers                    : 2
#      BUFG                        : 1
#      BUFGP                       : 1
# IO Buffers                       : 12
#      IBUF                        : 4
#      OBUF                        : 8
=========================================================================

Device utilization summary:
---------------------------

Selected Device : 3s500efg320-4 

 Number of Slices:                      112  out of   4656     2%  
 Number of Slice Flip Flops:             75  out of   9312     0%  
 Number of 4 input LUTs:                224  out of   9312     2%  
 Number of IOs:                          14
 Number of bonded IOBs:                  13  out of    232     5%  
    IOB Flip Flops:                       8
 Number of GCLKs:                         2  out of     24     8%  

---------------------------
Partition Resource Summary:
---------------------------

  No Partitions were found in this design.

---------------------------


=========================================================================
TIMING REPORT

NOTE: THESE TIMING NUMBERS ARE ONLY A SYNTHESIS ESTIMATE.
      FOR ACCURATE TIMING INFORMATION PLEASE REFER TO THE TRACE REPORT
      GENERATED AFTER PLACE-and-ROUTE.

Clock Information:
------------------
-----------------------------------+------------------------+-------+
Clock Signal                       | Clock buffer(FF name)  | Load  |
-----------------------------------+------------------------+-------+
clk                                | BUFGP                  | 42    |
div_clk/OUT1                       | BUFG                   | 41    |
-----------------------------------+------------------------+-------+

Asynchronous Control Signals Information:
----------------------------------------
No asynchronous control signals found in this design

Timing Summary:
---------------
Speed Grade: -4

   Minimum period: 10.236ns (Maximum Frequency: 97.694MHz)
   Minimum input arrival time before clock: 7.104ns
   Maximum output required time after clock: 4.283ns
   Maximum combinational path delay: No path found

Timing Detail:
--------------
All values displayed in nanoseconds (ns)

=========================================================================
Timing constraint: Default period analysis for Clock 'clk'
  Clock period: 9.954ns (frequency: 100.462MHz)
  Total number of paths / destination ports: 19039 / 26
-------------------------------------------------------------------------
Delay:               9.954ns (Levels of Logic = 19)
  Source:            div_clk/counter_1 (FF)
  Destination:       div_clk/counter_21 (FF)
  Source Clock:      clk rising
  Destination Clock: clk rising

  Data Path: div_clk/counter_1 to div_clk/counter_21
                                Gate     Net
    Cell:in->out      fanout   Delay   Delay  Logical Name (Net Name)
    ----------------------------------------  ------------
     FD:C->Q               1   0.591   0.595  div_clk/counter_1 (div_clk/counter_1)
     LUT1:I0->O            1   0.704   0.000  div_clk/Madd_old_counter_1_add0000_cy<1>_rt (div_clk/Madd_old_counter_1_add0000_cy<1>_rt)
     MUXCY:S->O            1   0.464   0.000  div_clk/Madd_old_counter_1_add0000_cy<1> (div_clk/Madd_old_counter_1_add0000_cy<1>)
     MUXCY:CI->O           1   0.059   0.000  div_clk/Madd_old_counter_1_add0000_cy<2> (div_clk/Madd_old_counter_1_add0000_cy<2>)
     MUXCY:CI->O           1   0.059   0.000  div_clk/Madd_old_counter_1_add0000_cy<3> (div_clk/Madd_old_counter_1_add0000_cy<3>)
     MUXCY:CI->O           1   0.059   0.000  div_clk/Madd_old_counter_1_add0000_cy<4> (div_clk/Madd_old_counter_1_add0000_cy<4>)
     MUXCY:CI->O           1   0.059   0.000  div_clk/Madd_old_counter_1_add0000_cy<5> (div_clk/Madd_old_counter_1_add0000_cy<5>)
     MUXCY:CI->O           1   0.059   0.000  div_clk/Madd_old_counter_1_add0000_cy<6> (div_clk/Madd_old_counter_1_add0000_cy<6>)
     MUXCY:CI->O           1   0.059   0.000  div_clk/Madd_old_counter_1_add0000_cy<7> (div_clk/Madd_old_counter_1_add0000_cy<7>)
     MUXCY:CI->O           1   0.059   0.000  div_clk/Madd_old_counter_1_add0000_cy<8> (div_clk/Madd_old_counter_1_add0000_cy<8>)
     MUXCY:CI->O           1   0.059   0.000  div_clk/Madd_old_counter_1_add0000_cy<9> (div_clk/Madd_old_counter_1_add0000_cy<9>)
     MUXCY:CI->O           1   0.059   0.000  div_clk/Madd_old_counter_1_add0000_cy<10> (div_clk/Madd_old_counter_1_add0000_cy<10>)
     MUXCY:CI->O           1   0.059   0.000  div_clk/Madd_old_counter_1_add0000_cy<11> (div_clk/Madd_old_counter_1_add0000_cy<11>)
     MUXCY:CI->O           1   0.059   0.000  div_clk/Madd_old_counter_1_add0000_cy<12> (div_clk/Madd_old_counter_1_add0000_cy<12>)
     XORCY:CI->O           7   0.804   0.743  div_clk/Madd_old_counter_1_add0000_xor<13> (div_clk/Mmux_counter_mux0000_32)
     LUT3:I2->O            1   0.704   0.455  div_clk/OUT_cmp_eq000315 (div_clk/OUT_cmp_eq000315)
     LUT4:I2->O            7   0.704   0.712  div_clk/OUT_cmp_eq0003126 (div_clk/OUT_cmp_eq0003126)
     LUT4:I3->O            8   0.704   0.792  div_clk/OUT_cmp_eq0003146 (div_clk/OUT_cmp_eq0003)
     LUT4:I2->O            1   0.704   0.000  div_clk/Mmux_counter_mux0000_2_f5_3_F (N162)
     MUXF5:I0->O           1   0.321   0.000  div_clk/Mmux_counter_mux0000_2_f5_3 (div_clk/counter_mux0000<13>)
     FD:D                      0.308          div_clk/counter_11
    ----------------------------------------
    Total                      9.954ns (6.657ns logic, 3.297ns route)
                                       (66.9% logic, 33.1% route)

=========================================================================
Timing constraint: Default period analysis for Clock 'div_clk/OUT1'
  Clock period: 10.236ns (frequency: 97.694MHz)
  Total number of paths / destination ports: 4420 / 62
-------------------------------------------------------------------------
Delay:               10.236ns (Levels of Logic = 7)
  Source:            mode4/temp_4 (FF)
  Destination:       mode4/temp_3 (FF)
  Source Clock:      div_clk/OUT1 rising
  Destination Clock: div_clk/OUT1 rising

  Data Path: mode4/temp_4 to mode4/temp_3
                                Gate     Net
    Cell:in->out      fanout   Delay   Delay  Logical Name (Net Name)
    ----------------------------------------  ------------
     FDRS:C->Q             5   0.591   0.808  mode4/temp_4 (mode4/temp_4)
     LUT4:I0->O            1   0.704   0.499  mode4/old_OUT_6_cmp_eq0000732 (mode4/old_OUT_6_cmp_eq0000732)
     LUT4:I1->O            8   0.704   0.761  mode4/old_OUT_6_cmp_eq0000757 (mode4/old_OUT_6_cmp_eq0000)
     LUT4:I3->O            6   0.704   0.844  mode4/_old_OUT_6<3> (mode4/_old_OUT_6<3>)
     LUT4:I0->O            1   0.704   0.424  mode4/temp_mux0000<0>121 (mode4/temp_mux0000<0>121)
     LUT4_D:I3->O          2   0.704   0.482  mode4/temp_mux0000<0>142 (mode4/temp_mux0000<0>142)
     LUT4_D:I2->O          4   0.704   0.591  mode4/temp_mux0000<0>177 (mode4/N01)
     LUT4:I3->O            1   0.704   0.000  mode4/temp_mux0000<6> (mode4/temp_mux0000<6>)
     FDR:D                     0.308          mode4/temp_1
    ----------------------------------------
    Total                     10.236ns (5.827ns logic, 4.409ns route)
                                       (56.9% logic, 43.1% route)

=========================================================================
Timing constraint: Default OFFSET IN BEFORE for Clock 'clk'
  Total number of paths / destination ports: 112 / 45
-------------------------------------------------------------------------
Offset:              7.104ns (Levels of Logic = 5)
  Source:            freq_sel<0> (PAD)
  Destination:       div_clk/counter_13 (FF)
  Destination Clock: clk rising

  Data Path: freq_sel<0> to div_clk/counter_13
                                Gate     Net
    Cell:in->out      fanout   Delay   Delay  Logical Name (Net Name)
    ----------------------------------------  ------------
     IBUF:I->O            32   1.218   1.437  freq_sel_0_IBUF (freq_sel_0_IBUF)
     LUT2:I0->O            1   0.704   0.595  div_clk/OUT_cmp_eq00029_SW0 (N108)
     LUT4:I0->O            1   0.704   0.595  div_clk/OUT_cmp_eq000239_SW1 (N82)
     LUT4_L:I0->LO         1   0.704   0.135  div_clk/Mmux_counter_mux0000_42_SW0 (N70)
     LUT4:I2->O            1   0.704   0.000  div_clk/Mmux_counter_mux0000_2_f5_110 (div_clk/counter_mux0000<11>)
     FD:D                      0.308          div_clk/counter_13
    ----------------------------------------
    Total                      7.104ns (4.342ns logic, 2.762ns route)
                                       (61.1% logic, 38.9% route)

=========================================================================
Timing constraint: Default OFFSET OUT AFTER for Clock 'clk'
  Total number of paths / destination ports: 8 / 8
-------------------------------------------------------------------------
Offset:              4.283ns (Levels of Logic = 1)
  Source:            OUT_7 (FF)
  Destination:       OUT<7> (PAD)
  Source Clock:      clk rising

  Data Path: OUT_7 to OUT<7>
                                Gate     Net
    Cell:in->out      fanout   Delay   Delay  Logical Name (Net Name)
    ----------------------------------------  ------------
     FD:C->Q               1   0.591   0.420  OUT_7 (OUT_7)
     OBUF:I->O                 3.272          OUT_7_OBUF (OUT<7>)
    ----------------------------------------
    Total                      4.283ns (3.863ns logic, 0.420ns route)
                                       (90.2% logic, 9.8% route)

=========================================================================


Total REAL time to Xst completion: 3.00 secs
Total CPU time to Xst completion: 3.68 secs
 
--> 

Total memory usage is 4510556 kilobytes

Number of errors   :    0 (   0 filtered)
Number of warnings :    1 (   0 filtered)
Number of infos    :    0 (   0 filtered)

