Running: C:\Xilinx\14.7\ISE_DS\ISE\bin\nt\unwrapped\fuse.exe -intstyle ise -incremental -lib unisims_ver -lib unimacro_ver -lib xilinxcorelib_ver -o G:/HK7/IClab/W3/lab/ex7/testBlynk_isim_beh.exe -prj G:/HK7/IClab/W3/lab/ex7/testBlynk_beh.prj work.testBlynk work.glbl 
ISim P.20131013 (signature 0x8ef4fb42)
Number of CPUs detected in this system: 8
Turning on mult-threading, number of parallel sub-compilation jobs: 16 
Determining compilation order of HDL files
Analyzing Verilog file "G:/HK7/IClab/W3/lab/ex7/Blink.v" into library work
Analyzing Verilog file "G:/HK7/IClab/W3/lab/ex7/testBlynk.v" into library work
Analyzing Verilog file "C:/Xilinx/14.7/ISE_DS/ISE//verilog/src/glbl.v" into library work
Starting static elaboration
Completed static elaboration
Fuse Memory Usage: 159504 KB
Fuse CPU Usage: 171 ms
Compiling module BLYNK
Compiling module testBlynk
Compiling module glbl
Time Resolution for simulation is 1ps.
Waiting for 1 sub-compilation(s) to finish...
Compiled 3 Verilog Units
Built simulation executable G:/HK7/IClab/W3/lab/ex7/testBlynk_isim_beh.exe
Fuse Memory Usage: 164980 KB
Fuse CPU Usage: 187 ms
