Release 14.7 - xst P.20131013 (nt64)
Copyright (c) 1995-2013 Xilinx, Inc.  All rights reserved.
--> Parameter TMPDIR set to xst/projnav.tmp


Total REAL time to Xst completion: 0.00 secs
Total CPU time to Xst completion: 0.08 secs
 
--> Parameter xsthdpdir set to xst


Total REAL time to Xst completion: 0.00 secs
Total CPU time to Xst completion: 0.08 secs
 
--> Reading design: PhanMinhNhat.prj

TABLE OF CONTENTS
  1) Synthesis Options Summary
  2) HDL Compilation
  3) Design Hierarchy Analysis
  4) HDL Analysis
  5) HDL Synthesis
     5.1) HDL Synthesis Report
  6) Advanced HDL Synthesis
     6.1) Advanced HDL Synthesis Report
  7) Low Level Synthesis
  8) Partition Report
  9) Final Report
	9.1) Device utilization summary
	9.2) Partition Resource Summary
	9.3) TIMING REPORT


=========================================================================
*                      Synthesis Options Summary                        *
=========================================================================
---- Source Parameters
Input File Name                    : "PhanMinhNhat.prj"
Input Format                       : mixed
Ignore Synthesis Constraint File   : NO

---- Target Parameters
Output File Name                   : "PhanMinhNhat"
Output Format                      : NGC
Target Device                      : xc3s500e-4-fg320

---- Source Options
Top Module Name                    : PhanMinhNhat
Automatic FSM Extraction           : YES
FSM Encoding Algorithm             : Auto
Safe Implementation                : No
FSM Style                          : LUT
RAM Extraction                     : Yes
RAM Style                          : Auto
ROM Extraction                     : Yes
Mux Style                          : Auto
Decoder Extraction                 : YES
Priority Encoder Extraction        : Yes
Shift Register Extraction          : YES
Logical Shifter Extraction         : YES
XOR Collapsing                     : YES
ROM Style                          : Auto
Mux Extraction                     : Yes
Resource Sharing                   : YES
Asynchronous To Synchronous        : NO
Multiplier Style                   : Auto
Automatic Register Balancing       : No

---- Target Options
Add IO Buffers                     : YES
Global Maximum Fanout              : 100000
Add Generic Clock Buffer(BUFG)     : 24
Register Duplication               : YES
Slice Packing                      : YES
Optimize Instantiated Primitives   : NO
Use Clock Enable                   : Yes
Use Synchronous Set                : Yes
Use Synchronous Reset              : Yes
Pack IO Registers into IOBs        : Auto
Equivalent register Removal        : YES

---- General Options
Optimization Goal                  : Speed
Optimization Effort                : 1
Keep Hierarchy                     : No
Netlist Hierarchy                  : As_Optimized
RTL Output                         : Yes
Global Optimization                : AllClockNets
Read Cores                         : YES
Write Timing Constraints           : NO
Cross Clock Analysis               : NO
Hierarchy Separator                : /
Bus Delimiter                      : <>
Case Specifier                     : Maintain
Slice Utilization Ratio            : 100
BRAM Utilization Ratio             : 100
Verilog 2001                       : YES
Auto BRAM Packing                  : NO
Slice Utilization Ratio Delta      : 5

=========================================================================


=========================================================================
*                          HDL Compilation                              *
=========================================================================
Compiling verilog file "add3.v" in library work
Compiling verilog file "TM1638.v" in library work
Module <add3> compiled
Compiling verilog file "Shifter.v" in library work
Module <TM1638> compiled
Compiling verilog file "HEX_BCD.v" in library work
Module <Shifter> compiled
Compiling verilog file "Counter.v" in library work
Module <HEX_BCD> compiled
Compiling verilog file "Clock_Div.v" in library work
Module <COUNTER> compiled
Compiling verilog file "PhanMinhNhat.v" in library work
Module <Clock_Div> compiled
Module <PhanMinhNhat> compiled
No errors in compilation
Analysis of file <"PhanMinhNhat.prj"> succeeded.
 

=========================================================================
*                     Design Hierarchy Analysis                         *
=========================================================================
Analyzing hierarchy for module <PhanMinhNhat> in library <work>.

Analyzing hierarchy for module <Clock_Div> in library <work>.

Analyzing hierarchy for module <COUNTER> in library <work>.

Analyzing hierarchy for module <Shifter> in library <work>.

Analyzing hierarchy for module <HEX_BCD> in library <work>.

Analyzing hierarchy for module <TM1638> in library <work>.

Analyzing hierarchy for module <add3> in library <work>.


=========================================================================
*                            HDL Analysis                               *
=========================================================================
Analyzing top module <PhanMinhNhat>.
Module <PhanMinhNhat> is correct for synthesis.
 
Analyzing module <Clock_Div> in library <work>.
Module <Clock_Div> is correct for synthesis.
 
Analyzing module <COUNTER> in library <work>.
Module <COUNTER> is correct for synthesis.
 
Analyzing module <Shifter> in library <work>.
Module <Shifter> is correct for synthesis.
 
Analyzing module <HEX_BCD> in library <work>.
Module <HEX_BCD> is correct for synthesis.
 
Analyzing module <add3> in library <work>.
Module <add3> is correct for synthesis.
 
Analyzing module <TM1638> in library <work>.
	Calling function <sseg>.
	Calling function <sseg>.
	Calling function <sseg>.
	Calling function <sseg>.
	Calling function <sseg>.
	Calling function <sseg>.
	Calling function <sseg>.
	Calling function <sseg>.
Module <TM1638> is correct for synthesis.
 

=========================================================================
*                           HDL Synthesis                               *
=========================================================================

Performing bidirectional port resolution...

Synthesizing Unit <Clock_Div>.
    Related source file is "Clock_Div.v".
    Found 1-bit register for signal <clk_hz>.
    Found 1-bit register for signal <clk_khz>.
    Found 32-bit up counter for signal <cnt_0>.
    Found 32-bit up counter for signal <cnt_1>.
    Summary:
	inferred   2 Counter(s).
	inferred   2 D-type flip-flop(s).
Unit <Clock_Div> synthesized.


Synthesizing Unit <COUNTER>.
    Related source file is "Counter.v".
    Found 8-bit register for signal <out0>.
    Found 8-bit register for signal <cnt>.
    Found 8-bit addsub for signal <old_cnt_5$addsub0000>.
    Summary:
	inferred  16 D-type flip-flop(s).
	inferred   1 Adder/Subtractor(s).
Unit <COUNTER> synthesized.


Synthesizing Unit <Shifter>.
    Related source file is "Shifter.v".
WARNING:Xst:1305 - Output <out2> is never assigned. Tied to value 00000000.
WARNING:Xst:1305 - Output <out3> is never assigned. Tied to value 00000000.
    Found 8-bit register for signal <out0>.
    Found 8-bit register for signal <out1>.
    Found 8-bit 4-to-1 multiplexer for signal <out0$mux0000> created at line 34.
    Found 8-bit 4-to-1 multiplexer for signal <out1$mux0000> created at line 34.
    Summary:
	inferred  16 D-type flip-flop(s).
	inferred  16 Multiplexer(s).
Unit <Shifter> synthesized.


Synthesizing Unit <TM1638>.
    Related source file is "TM1638.v".
WARNING:Xst:1872 - Variable <i> is used but never assigned.
    Found 16x8-bit ROM for signal <sseg/1/sseg>.
    Found 16x8-bit ROM for signal <sseg/2/sseg>.
    Found 16x8-bit ROM for signal <sseg/3/sseg>.
    Found 16x8-bit ROM for signal <sseg/4/sseg>.
    Found 16x8-bit ROM for signal <sseg/5/sseg>.
    Found 16x8-bit ROM for signal <sseg/6/sseg>.
    Found 16x8-bit ROM for signal <sseg/7/sseg>.
    Found 16x8-bit ROM for signal <sseg/8/sseg>.
    Found 1-bit register for signal <clk>.
    Found 1-bit register for signal <dio>.
    Found 1-bit register for signal <stb>.
    Found 8-bit register for signal <command1>.
    Found 33-bit comparator greater for signal <command1$cmp_gt0000> created at line 105.
    Found 33-bit comparator less for signal <command1$cmp_lt0000> created at line 105.
    Found 8-bit register for signal <command2>.
    Found 33-bit comparator greater for signal <command2$cmp_gt0000> created at line 117.
    Found 33-bit comparator less for signal <command2$cmp_lt0000> created at line 117.
    Found 8-bit register for signal <command3>.
    Found 33-bit comparator greater for signal <command3$cmp_gt0000> created at line 137.
    Found 33-bit comparator less for signal <command3$cmp_lt0000> created at line 137.
    Found 32-bit register for signal <cs>.
    Found 32-bit adder for signal <cs$add0000> created at line 150.
    Found 128-bit register for signal <leddatahold>.
    Found 33-bit comparator greater for signal <leddatahold$cmp_gt0000> created at line 124.
    Found 33-bit comparator less for signal <leddatahold$cmp_lt0000> created at line 124.
    Found 33-bit comparator greatequal for signal <old_cs_7$cmp_ge0000> created at line 105.
    Found 33-bit comparator greatequal for signal <old_cs_7$cmp_ge0001> created at line 117.
    Found 33-bit comparator greatequal for signal <old_cs_7$cmp_ge0002> created at line 124.
    Found 33-bit comparator greatequal for signal <old_cs_7$cmp_ge0003> created at line 137.
    Found 33-bit comparator lessequal for signal <old_cs_7$cmp_le0000> created at line 105.
    Found 33-bit comparator lessequal for signal <old_cs_7$cmp_le0001> created at line 117.
    Found 33-bit comparator lessequal for signal <old_cs_7$cmp_le0002> created at line 124.
    Found 33-bit comparator lessequal for signal <old_cs_7$cmp_le0003> created at line 137.
    Summary:
	inferred   8 ROM(s).
	inferred 187 D-type flip-flop(s).
	inferred   1 Adder/Subtractor(s).
	inferred  16 Comparator(s).
Unit <TM1638> synthesized.


Synthesizing Unit <add3>.
    Related source file is "add3.v".
    Found 16x4-bit ROM for signal <out>.
    Summary:
	inferred   1 ROM(s).
Unit <add3> synthesized.


Synthesizing Unit <HEX_BCD>.
    Related source file is "HEX_BCD.v".
Unit <HEX_BCD> synthesized.


Synthesizing Unit <PhanMinhNhat>.
    Related source file is "PhanMinhNhat.v".
WARNING:Xst:653 - Signal <out3> is used but never assigned. This sourceless signal will be automatically connected to value 0.
WARNING:Xst:646 - Signal <out03> is assigned but never used. This unconnected signal will be trimmed during the optimization process.
WARNING:Xst:646 - Signal <one2> is assigned but never used. This unconnected signal will be trimmed during the optimization process.
Unit <PhanMinhNhat> synthesized.

INFO:Xst:1767 - HDL ADVISOR - Resource sharing has identified that some arithmetic operations in this design can share the same physical resources for reduced device utilization. For improved clock frequency you may try to disable resource sharing.

=========================================================================
HDL Synthesis Report

Macro Statistics
# ROMs                                                 : 36
 16x4-bit ROM                                          : 28
 16x8-bit ROM                                          : 8
# Adders/Subtractors                                   : 2
 32-bit adder                                          : 1
 8-bit addsub                                          : 1
# Counters                                             : 2
 32-bit up counter                                     : 2
# Registers                                            : 14
 1-bit register                                        : 5
 128-bit register                                      : 1
 32-bit register                                       : 1
 8-bit register                                        : 7
# Comparators                                          : 16
 33-bit comparator greatequal                          : 4
 33-bit comparator greater                             : 4
 33-bit comparator less                                : 4
 33-bit comparator lessequal                           : 4
# Multiplexers                                         : 2
 8-bit 4-to-1 multiplexer                              : 2

=========================================================================

=========================================================================
*                       Advanced HDL Synthesis                          *
=========================================================================

INFO:Xst:2261 - The FF/Latch <cnt_0> in Unit <counter> is equivalent to the following FF/Latch, which will be removed : <out0_0> 
INFO:Xst:2261 - The FF/Latch <cnt_1> in Unit <counter> is equivalent to the following FF/Latch, which will be removed : <out0_1> 
INFO:Xst:2261 - The FF/Latch <cnt_2> in Unit <counter> is equivalent to the following FF/Latch, which will be removed : <out0_2> 
INFO:Xst:2261 - The FF/Latch <cnt_3> in Unit <counter> is equivalent to the following FF/Latch, which will be removed : <out0_3> 
INFO:Xst:2261 - The FF/Latch <cnt_4> in Unit <counter> is equivalent to the following FF/Latch, which will be removed : <out0_4> 
INFO:Xst:2261 - The FF/Latch <cnt_5> in Unit <counter> is equivalent to the following FF/Latch, which will be removed : <out0_5> 
INFO:Xst:2261 - The FF/Latch <cnt_6> in Unit <counter> is equivalent to the following FF/Latch, which will be removed : <out0_6> 
INFO:Xst:2261 - The FF/Latch <cnt_7> in Unit <counter> is equivalent to the following FF/Latch, which will be removed : <out0_7> 
WARNING:Xst:1293 - FF/Latch <command1_7> has a constant value of 0 in block <tm>. This FF/Latch will be trimmed during the optimization process.
WARNING:Xst:1710 - FF/Latch <leddatahold_121> (without init value) has a constant value of 0 in block <tm>. This FF/Latch will be trimmed during the optimization process.
WARNING:Xst:1710 - FF/Latch <leddatahold_122> (without init value) has a constant value of 0 in block <tm>. This FF/Latch will be trimmed during the optimization process.
WARNING:Xst:1710 - FF/Latch <leddatahold_123> (without init value) has a constant value of 0 in block <tm>. This FF/Latch will be trimmed during the optimization process.
WARNING:Xst:1710 - FF/Latch <leddatahold_124> (without init value) has a constant value of 0 in block <tm>. This FF/Latch will be trimmed during the optimization process.
WARNING:Xst:1710 - FF/Latch <leddatahold_125> (without init value) has a constant value of 0 in block <tm>. This FF/Latch will be trimmed during the optimization process.
WARNING:Xst:1710 - FF/Latch <leddatahold_126> (without init value) has a constant value of 0 in block <tm>. This FF/Latch will be trimmed during the optimization process.
WARNING:Xst:1710 - FF/Latch <leddatahold_127> (without init value) has a constant value of 0 in block <tm>. This FF/Latch will be trimmed during the optimization process.
WARNING:Xst:2404 -  FFs/Latches <leddatahold<127:127>> (without init value) have a constant value of 0 in block <TM1638>.
WARNING:Xst:2404 -  FFs/Latches <leddatahold<126:126>> (without init value) have a constant value of 0 in block <TM1638>.
WARNING:Xst:2404 -  FFs/Latches <leddatahold<125:125>> (without init value) have a constant value of 0 in block <TM1638>.

=========================================================================
Advanced HDL Synthesis Report

Macro Statistics
# ROMs                                                 : 36
 16x4-bit ROM                                          : 28
 16x8-bit ROM                                          : 8
# Adders/Subtractors                                   : 2
 32-bit adder                                          : 1
 8-bit addsub                                          : 1
# Counters                                             : 2
 32-bit up counter                                     : 2
# Registers                                            : 218
 Flip-Flops                                            : 218
# Comparators                                          : 16
 33-bit comparator greatequal                          : 4
 33-bit comparator greater                             : 4
 33-bit comparator less                                : 4
 33-bit comparator lessequal                           : 4
# Multiplexers                                         : 2
 8-bit 4-to-1 multiplexer                              : 2

=========================================================================

=========================================================================
*                         Low Level Synthesis                           *
=========================================================================
WARNING:Xst:1293 - FF/Latch <command1_7> has a constant value of 0 in block <TM1638>. This FF/Latch will be trimmed during the optimization process.
WARNING:Xst:1895 - Due to other FF/Latch trimming, FF/Latch <leddatahold_121> (without init value) has a constant value of 0 in block <TM1638>. This FF/Latch will be trimmed during the optimization process.
WARNING:Xst:1895 - Due to other FF/Latch trimming, FF/Latch <leddatahold_122> (without init value) has a constant value of 0 in block <TM1638>. This FF/Latch will be trimmed during the optimization process.
WARNING:Xst:1895 - Due to other FF/Latch trimming, FF/Latch <leddatahold_123> (without init value) has a constant value of 0 in block <TM1638>. This FF/Latch will be trimmed during the optimization process.
WARNING:Xst:1895 - Due to other FF/Latch trimming, FF/Latch <leddatahold_124> (without init value) has a constant value of 0 in block <TM1638>. This FF/Latch will be trimmed during the optimization process.
INFO:Xst:2261 - The FF/Latch <cnt_0> in Unit <COUNTER> is equivalent to the following FF/Latch, which will be removed : <out0_0> 
INFO:Xst:2261 - The FF/Latch <cnt_1> in Unit <COUNTER> is equivalent to the following FF/Latch, which will be removed : <out0_1> 
INFO:Xst:2261 - The FF/Latch <cnt_2> in Unit <COUNTER> is equivalent to the following FF/Latch, which will be removed : <out0_2> 
INFO:Xst:2261 - The FF/Latch <cnt_3> in Unit <COUNTER> is equivalent to the following FF/Latch, which will be removed : <out0_3> 
INFO:Xst:2261 - The FF/Latch <cnt_4> in Unit <COUNTER> is equivalent to the following FF/Latch, which will be removed : <out0_4> 
INFO:Xst:2261 - The FF/Latch <cnt_5> in Unit <COUNTER> is equivalent to the following FF/Latch, which will be removed : <out0_5> 
INFO:Xst:2261 - The FF/Latch <cnt_6> in Unit <COUNTER> is equivalent to the following FF/Latch, which will be removed : <out0_6> 
INFO:Xst:2261 - The FF/Latch <cnt_7> in Unit <COUNTER> is equivalent to the following FF/Latch, which will be removed : <out0_7> 
INFO:Xst:2146 - In block <TM1638>, ROM <Mrom_sseg_4_sseg> <Mrom_sseg_6_sseg> are equivalent, XST will keep only <Mrom_sseg_4_sseg>.

Optimizing unit <PhanMinhNhat> ...

Optimizing unit <Clock_Div> ...

Optimizing unit <COUNTER> ...

Optimizing unit <Shifter> ...

Optimizing unit <TM1638> ...

Mapping all equations...
Building and optimizing final netlist ...
Found area constraint ratio of 100 (+ 5) on block PhanMinhNhat, actual ratio is 5.

Final Macro Processing ...

Processing Unit <PhanMinhNhat> :
	Found 4-bit shift register for signal <tm/command3_0>.
INFO:Xst:741 - HDL ADVISOR - A 6-bit shift register was found for signal <tm/command1_0> and currently occupies 6 logic cells (3 slices). Removing the set/reset logic would take advantage of SRL16 (and derived) primitives and reduce this to 1 logic cells (1 slices). Evaluate if the set/reset can be removed for this simple shift register. The majority of simple pipeline structures do not need to be set/reset operationally.
INFO:Xst:741 - HDL ADVISOR - A 6-bit shift register was found for signal <tm/command2_0> and currently occupies 6 logic cells (3 slices). Removing the set/reset logic would take advantage of SRL16 (and derived) primitives and reduce this to 1 logic cells (1 slices). Evaluate if the set/reset can be removed for this simple shift register. The majority of simple pipeline structures do not need to be set/reset operationally.
Unit <PhanMinhNhat> processed.

=========================================================================
Final Register Report

Macro Statistics
# Registers                                            : 265
 Flip-Flops                                            : 265
# Shift Registers                                      : 1
 4-bit shift register                                  : 1

=========================================================================

=========================================================================
*                           Partition Report                            *
=========================================================================

Partition Implementation Status
-------------------------------

  No Partitions were found in this design.

-------------------------------

=========================================================================
*                            Final Report                               *
=========================================================================
Final Results
RTL Top Level Output File Name     : PhanMinhNhat.ngr
Top Level Output File Name         : PhanMinhNhat
Output Format                      : NGC
Optimization Goal                  : Speed
Keep Hierarchy                     : No

Design Statistics
# IOs                              : 8

Cell Usage :
# BELS                             : 782
#      GND                         : 1
#      INV                         : 17
#      LUT1                        : 82
#      LUT2                        : 106
#      LUT2_D                      : 2
#      LUT2_L                      : 1
#      LUT3                        : 66
#      LUT3_D                      : 1
#      LUT4                        : 189
#      LUT4_D                      : 6
#      LUT4_L                      : 2
#      MUXCY                       : 210
#      MUXF5                       : 2
#      VCC                         : 1
#      XORCY                       : 96
# FlipFlops/Latches                : 270
#      FD                          : 48
#      FDE                         : 126
#      FDR                         : 72
#      FDRE                        : 16
#      FDSE                        : 8
# Shift Registers                  : 1
#      SRL16E                      : 1
# Clock Buffers                    : 2
#      BUFG                        : 1
#      BUFGP                       : 1
# IO Buffers                       : 7
#      IBUF                        : 4
#      OBUF                        : 3
=========================================================================

Device utilization summary:
---------------------------

Selected Device : 3s500efg320-4 

 Number of Slices:                      252  out of   4656     5%  
 Number of Slice Flip Flops:            270  out of   9312     2%  
 Number of 4 input LUTs:                473  out of   9312     5%  
    Number used as logic:               472
    Number used as Shift registers:       1
 Number of IOs:                           8
 Number of bonded IOBs:                   8  out of    232     3%  
 Number of GCLKs:                         2  out of     24     8%  

---------------------------
Partition Resource Summary:
---------------------------

  No Partitions were found in this design.

---------------------------


=========================================================================
TIMING REPORT

NOTE: THESE TIMING NUMBERS ARE ONLY A SYNTHESIS ESTIMATE.
      FOR ACCURATE TIMING INFORMATION PLEASE REFER TO THE TRACE REPORT
      GENERATED AFTER PLACE-and-ROUTE.

Clock Information:
------------------
-----------------------------------+------------------------+-------+
Clock Signal                       | Clock buffer(FF name)  | Load  |
-----------------------------------+------------------------+-------+
clki                               | BUFGP                  | 82    |
clock/clk_hz                       | NONE(counter/cnt_7)    | 8     |
clock/clk_khz1                     | BUFG                   | 181   |
-----------------------------------+------------------------+-------+
INFO:Xst:2169 - HDL ADVISOR - Some clock signals were not automatically buffered by XST with BUFG/BUFR resources. Please use the buffer_type constraint in order to insert these buffers to the clock signals to help prevent skew problems.

Asynchronous Control Signals Information:
----------------------------------------
No asynchronous control signals found in this design

Timing Summary:
---------------
Speed Grade: -4

   Minimum period: 11.262ns (Maximum Frequency: 88.794MHz)
   Minimum input arrival time before clock: 7.423ns
   Maximum output required time after clock: 4.532ns
   Maximum combinational path delay: No path found

Timing Detail:
--------------
All values displayed in nanoseconds (ns)

=========================================================================
Timing constraint: Default period analysis for Clock 'clki'
  Clock period: 5.240ns (frequency: 190.857MHz)
  Total number of paths / destination ports: 3170 / 132
-------------------------------------------------------------------------
Delay:               5.240ns (Levels of Logic = 9)
  Source:            clock/cnt_1_8 (FF)
  Destination:       clock/cnt_1_31 (FF)
  Source Clock:      clki rising
  Destination Clock: clki rising

  Data Path: clock/cnt_1_8 to clock/cnt_1_31
                                Gate     Net
    Cell:in->out      fanout   Delay   Delay  Logical Name (Net Name)
    ----------------------------------------  ------------
     FDR:C->Q              2   0.591   0.622  clock/cnt_1_8 (clock/cnt_1_8)
     LUT4:I0->O            1   0.704   0.000  clock/clk_hz_cmp_eq0000_wg_lut<0> (clock/clk_hz_cmp_eq0000_wg_lut<0>)
     MUXCY:S->O            1   0.464   0.000  clock/clk_hz_cmp_eq0000_wg_cy<0> (clock/clk_hz_cmp_eq0000_wg_cy<0>)
     MUXCY:CI->O           1   0.059   0.000  clock/clk_hz_cmp_eq0000_wg_cy<1> (clock/clk_hz_cmp_eq0000_wg_cy<1>)
     MUXCY:CI->O           1   0.059   0.000  clock/clk_hz_cmp_eq0000_wg_cy<2> (clock/clk_hz_cmp_eq0000_wg_cy<2>)
     MUXCY:CI->O           1   0.059   0.000  clock/clk_hz_cmp_eq0000_wg_cy<3> (clock/clk_hz_cmp_eq0000_wg_cy<3>)
     MUXCY:CI->O           1   0.059   0.000  clock/clk_hz_cmp_eq0000_wg_cy<4> (clock/clk_hz_cmp_eq0000_wg_cy<4>)
     MUXCY:CI->O           1   0.059   0.000  clock/clk_hz_cmp_eq0000_wg_cy<5> (clock/clk_hz_cmp_eq0000_wg_cy<5>)
     MUXCY:CI->O           1   0.059   0.000  clock/clk_hz_cmp_eq0000_wg_cy<6> (clock/clk_hz_cmp_eq0000_wg_cy<6>)
     MUXCY:CI->O          33   0.331   1.263  clock/clk_hz_cmp_eq0000_wg_cy<7> (clock/clk_hz_cmp_eq0000)
     FDR:R                     0.911          clock/cnt_1_0
    ----------------------------------------
    Total                      5.240ns (3.355ns logic, 1.885ns route)
                                       (64.0% logic, 36.0% route)

=========================================================================
Timing constraint: Default period analysis for Clock 'clock/clk_hz'
  Clock period: 6.400ns (frequency: 156.250MHz)
  Total number of paths / destination ports: 50 / 8
-------------------------------------------------------------------------
Delay:               6.400ns (Levels of Logic = 5)
  Source:            counter/cnt_1 (FF)
  Destination:       counter/cnt_7 (FF)
  Source Clock:      clock/clk_hz rising
  Destination Clock: clock/clk_hz rising

  Data Path: counter/cnt_1 to counter/cnt_7
                                Gate     Net
    Cell:in->out      fanout   Delay   Delay  Logical Name (Net Name)
    ----------------------------------------  ------------
     FD:C->Q               5   0.591   0.712  counter/cnt_1 (counter/cnt_1)
     LUT3:I1->O            2   0.704   0.451  counter/Maddsub_old_cnt_5_addsub0000_cy<1>11 (counter/Maddsub_old_cnt_5_addsub0000_cy<1>)
     LUT4:I3->O            4   0.704   0.591  counter/Maddsub_old_cnt_5_addsub0000_cy<3>11 (counter/Maddsub_old_cnt_5_addsub0000_cy<3>)
     LUT4:I3->O            3   0.704   0.610  counter/Maddsub_old_cnt_5_addsub0000_cy<5>11 (counter/Maddsub_old_cnt_5_addsub0000_cy<5>)
     LUT4:I1->O            1   0.704   0.000  counter/_old_cnt_5<7>11 (counter/_old_cnt_5<7>1)
     MUXF5:I1->O           1   0.321   0.000  counter/_old_cnt_5<7>1_f5 (counter/_old_cnt_5<7>)
     FD:D                      0.308          counter/cnt_7
    ----------------------------------------
    Total                      6.400ns (4.036ns logic, 2.364ns route)
                                       (63.1% logic, 36.9% route)

=========================================================================
Timing constraint: Default period analysis for Clock 'clock/clk_khz1'
  Clock period: 11.262ns (frequency: 88.794MHz)
  Total number of paths / destination ports: 159688 / 350
-------------------------------------------------------------------------
Delay:               11.262ns (Levels of Logic = 40)
  Source:            tm/cs_26 (FF)
  Destination:       tm/cs_31 (FF)
  Source Clock:      clock/clk_khz1 rising
  Destination Clock: clock/clk_khz1 rising

  Data Path: tm/cs_26 to tm/cs_31
                                Gate     Net
    Cell:in->out      fanout   Delay   Delay  Logical Name (Net Name)
    ----------------------------------------  ------------
     FD:C->Q              10   0.591   1.057  tm/cs_26 (tm/cs_26)
     LUT2:I0->O            1   0.704   0.000  tm/old_cs_7_cmp_eq00001_wg_lut<0> (tm/old_cs_7_cmp_eq00001_wg_lut<0>)
     MUXCY:S->O            1   0.464   0.000  tm/old_cs_7_cmp_eq00001_wg_cy<0> (tm/old_cs_7_cmp_eq00001_wg_cy<0>)
     MUXCY:CI->O           1   0.059   0.000  tm/old_cs_7_cmp_eq00001_wg_cy<1> (tm/old_cs_7_cmp_eq00001_wg_cy<1>)
     MUXCY:CI->O           1   0.059   0.000  tm/old_cs_7_cmp_eq00001_wg_cy<2> (tm/old_cs_7_cmp_eq00001_wg_cy<2>)
     MUXCY:CI->O           1   0.059   0.000  tm/old_cs_7_cmp_eq00001_wg_cy<3> (tm/old_cs_7_cmp_eq00001_wg_cy<3>)
     MUXCY:CI->O           1   0.059   0.000  tm/old_cs_7_cmp_eq00001_wg_cy<4> (tm/old_cs_7_cmp_eq00001_wg_cy<4>)
     MUXCY:CI->O           1   0.059   0.000  tm/old_cs_7_cmp_eq00001_wg_cy<5> (tm/old_cs_7_cmp_eq00001_wg_cy<5>)
     MUXCY:CI->O           5   0.459   0.637  tm/old_cs_7_cmp_eq00001_wg_cy<6> (tm/old_cs_7_cmp_eq00001_wg_cy<6>)
     LUT4_D:I3->O         20   0.704   1.137  tm/old_cs_7_cmp_eq00001 (tm/old_cs_7_cmp_eq0000)
     LUT4:I2->O            5   0.704   0.637  tm/_old_cs_7<10>1139_SW1 (N159)
     LUT4:I3->O            1   0.704   0.000  tm/_old_cs_7<3>1 (tm/_old_cs_7<3>)
     MUXCY:S->O            1   0.464   0.000  tm/Madd_cs_add0000_cy<3> (tm/Madd_cs_add0000_cy<3>)
     MUXCY:CI->O           1   0.059   0.000  tm/Madd_cs_add0000_cy<4> (tm/Madd_cs_add0000_cy<4>)
     MUXCY:CI->O           1   0.059   0.000  tm/Madd_cs_add0000_cy<5> (tm/Madd_cs_add0000_cy<5>)
     MUXCY:CI->O           1   0.059   0.000  tm/Madd_cs_add0000_cy<6> (tm/Madd_cs_add0000_cy<6>)
     MUXCY:CI->O           1   0.059   0.000  tm/Madd_cs_add0000_cy<7> (tm/Madd_cs_add0000_cy<7>)
     MUXCY:CI->O           1   0.059   0.000  tm/Madd_cs_add0000_cy<8> (tm/Madd_cs_add0000_cy<8>)
     MUXCY:CI->O           1   0.059   0.000  tm/Madd_cs_add0000_cy<9> (tm/Madd_cs_add0000_cy<9>)
     MUXCY:CI->O           1   0.059   0.000  tm/Madd_cs_add0000_cy<10> (tm/Madd_cs_add0000_cy<10>)
     MUXCY:CI->O           1   0.059   0.000  tm/Madd_cs_add0000_cy<11> (tm/Madd_cs_add0000_cy<11>)
     MUXCY:CI->O           1   0.059   0.000  tm/Madd_cs_add0000_cy<12> (tm/Madd_cs_add0000_cy<12>)
     MUXCY:CI->O           1   0.059   0.000  tm/Madd_cs_add0000_cy<13> (tm/Madd_cs_add0000_cy<13>)
     MUXCY:CI->O           1   0.059   0.000  tm/Madd_cs_add0000_cy<14> (tm/Madd_cs_add0000_cy<14>)
     MUXCY:CI->O           1   0.059   0.000  tm/Madd_cs_add0000_cy<15> (tm/Madd_cs_add0000_cy<15>)
     MUXCY:CI->O           1   0.059   0.000  tm/Madd_cs_add0000_cy<16> (tm/Madd_cs_add0000_cy<16>)
     MUXCY:CI->O           1   0.059   0.000  tm/Madd_cs_add0000_cy<17> (tm/Madd_cs_add0000_cy<17>)
     MUXCY:CI->O           1   0.059   0.000  tm/Madd_cs_add0000_cy<18> (tm/Madd_cs_add0000_cy<18>)
     MUXCY:CI->O           1   0.059   0.000  tm/Madd_cs_add0000_cy<19> (tm/Madd_cs_add0000_cy<19>)
     MUXCY:CI->O           1   0.059   0.000  tm/Madd_cs_add0000_cy<20> (tm/Madd_cs_add0000_cy<20>)
     MUXCY:CI->O           1   0.059   0.000  tm/Madd_cs_add0000_cy<21> (tm/Madd_cs_add0000_cy<21>)
     MUXCY:CI->O           1   0.059   0.000  tm/Madd_cs_add0000_cy<22> (tm/Madd_cs_add0000_cy<22>)
     MUXCY:CI->O           1   0.059   0.000  tm/Madd_cs_add0000_cy<23> (tm/Madd_cs_add0000_cy<23>)
     MUXCY:CI->O           1   0.059   0.000  tm/Madd_cs_add0000_cy<24> (tm/Madd_cs_add0000_cy<24>)
     MUXCY:CI->O           1   0.059   0.000  tm/Madd_cs_add0000_cy<25> (tm/Madd_cs_add0000_cy<25>)
     MUXCY:CI->O           1   0.059   0.000  tm/Madd_cs_add0000_cy<26> (tm/Madd_cs_add0000_cy<26>)
     MUXCY:CI->O           1   0.059   0.000  tm/Madd_cs_add0000_cy<27> (tm/Madd_cs_add0000_cy<27>)
     MUXCY:CI->O           1   0.059   0.000  tm/Madd_cs_add0000_cy<28> (tm/Madd_cs_add0000_cy<28>)
     MUXCY:CI->O           1   0.059   0.000  tm/Madd_cs_add0000_cy<29> (tm/Madd_cs_add0000_cy<29>)
     MUXCY:CI->O           0   0.059   0.000  tm/Madd_cs_add0000_cy<30> (tm/Madd_cs_add0000_cy<30>)
     XORCY:CI->O           1   0.804   0.000  tm/Madd_cs_add0000_xor<31> (tm/cs_add0000<31>)
     FD:D                      0.308          tm/cs_31
    ----------------------------------------
    Total                     11.262ns (7.794ns logic, 3.468ns route)
                                       (69.2% logic, 30.8% route)

=========================================================================
Timing constraint: Default OFFSET IN BEFORE for Clock 'clock/clk_hz'
  Total number of paths / destination ports: 34 / 8
-------------------------------------------------------------------------
Offset:              7.423ns (Levels of Logic = 6)
  Source:            s1 (PAD)
  Destination:       counter/cnt_7 (FF)
  Destination Clock: clock/clk_hz rising

  Data Path: s1 to counter/cnt_7
                                Gate     Net
    Cell:in->out      fanout   Delay   Delay  Logical Name (Net Name)
    ----------------------------------------  ------------
     IBUF:I->O            11   1.218   1.108  s1_IBUF (s1_IBUF)
     LUT3:I0->O            2   0.704   0.451  counter/Maddsub_old_cnt_5_addsub0000_cy<1>11 (counter/Maddsub_old_cnt_5_addsub0000_cy<1>)
     LUT4:I3->O            4   0.704   0.591  counter/Maddsub_old_cnt_5_addsub0000_cy<3>11 (counter/Maddsub_old_cnt_5_addsub0000_cy<3>)
     LUT4:I3->O            3   0.704   0.610  counter/Maddsub_old_cnt_5_addsub0000_cy<5>11 (counter/Maddsub_old_cnt_5_addsub0000_cy<5>)
     LUT4:I1->O            1   0.704   0.000  counter/_old_cnt_5<7>11 (counter/_old_cnt_5<7>1)
     MUXF5:I1->O           1   0.321   0.000  counter/_old_cnt_5<7>1_f5 (counter/_old_cnt_5<7>)
     FD:D                      0.308          counter/cnt_7
    ----------------------------------------
    Total                      7.423ns (4.663ns logic, 2.760ns route)
                                       (62.8% logic, 37.2% route)

=========================================================================
Timing constraint: Default OFFSET IN BEFORE for Clock 'clki'
  Total number of paths / destination ports: 32 / 24
-------------------------------------------------------------------------
Offset:              3.439ns (Levels of Logic = 2)
  Source:            s<0> (PAD)
  Destination:       shift/out1_7 (FF)
  Destination Clock: clki rising

  Data Path: s<0> to shift/out1_7
                                Gate     Net
    Cell:in->out      fanout   Delay   Delay  Logical Name (Net Name)
    ----------------------------------------  ------------
     IBUF:I->O            16   1.218   1.209  s_0_IBUF (s_0_IBUF)
     LUT3:I0->O            1   0.704   0.000  shift/Mmux_out1_mux000081 (shift/out1_mux0000<7>)
     FD:D                      0.308          shift/out1_0
    ----------------------------------------
    Total                      3.439ns (2.230ns logic, 1.209ns route)
                                       (64.8% logic, 35.2% route)

=========================================================================
Timing constraint: Default OFFSET OUT AFTER for Clock 'clock/clk_khz1'
  Total number of paths / destination ports: 3 / 3
-------------------------------------------------------------------------
Offset:              4.532ns (Levels of Logic = 1)
  Source:            tm/clk (FF)
  Destination:       clko (PAD)
  Source Clock:      clock/clk_khz1 rising

  Data Path: tm/clk to clko
                                Gate     Net
    Cell:in->out      fanout   Delay   Delay  Logical Name (Net Name)
    ----------------------------------------  ------------
     FDE:C->Q              6   0.591   0.669  tm/clk (tm/clk)
     OBUF:I->O                 3.272          clko_OBUF (clko)
    ----------------------------------------
    Total                      4.532ns (3.863ns logic, 0.669ns route)
                                       (85.2% logic, 14.8% route)

=========================================================================


Total REAL time to Xst completion: 4.00 secs
Total CPU time to Xst completion: 4.17 secs
 
--> 

Total memory usage is 4509852 kilobytes

Number of errors   :    0 (   0 filtered)
Number of warnings :   23 (   0 filtered)
Number of infos    :   21 (   0 filtered)

