Release 14.7 - xst P.20131013 (nt64)
Copyright (c) 1995-2013 Xilinx, Inc.  All rights reserved.
--> Parameter TMPDIR set to xst/projnav.tmp


Total REAL time to Xst completion: 0.00 secs
Total CPU time to Xst completion: 0.09 secs
 
--> Parameter xsthdpdir set to xst


Total REAL time to Xst completion: 0.00 secs
Total CPU time to Xst completion: 0.10 secs
 
--> Reading design: DIVIDE_4F.prj

TABLE OF CONTENTS
  1) Synthesis Options Summary
  2) HDL Compilation
  3) Design Hierarchy Analysis
  4) HDL Analysis
  5) HDL Synthesis
     5.1) HDL Synthesis Report
  6) Advanced HDL Synthesis
     6.1) Advanced HDL Synthesis Report
  7) Low Level Synthesis
  8) Partition Report
  9) Final Report
	9.1) Device utilization summary
	9.2) Partition Resource Summary
	9.3) TIMING REPORT


=========================================================================
*                      Synthesis Options Summary                        *
=========================================================================
---- Source Parameters
Input File Name                    : "DIVIDE_4F.prj"
Input Format                       : mixed
Ignore Synthesis Constraint File   : NO

---- Target Parameters
Output File Name                   : "DIVIDE_4F"
Output Format                      : NGC
Target Device                      : xc3s500e-4-fg320

---- Source Options
Top Module Name                    : DIVIDE_4F
Automatic FSM Extraction           : YES
FSM Encoding Algorithm             : Auto
Safe Implementation                : No
FSM Style                          : LUT
RAM Extraction                     : Yes
RAM Style                          : Auto
ROM Extraction                     : Yes
Mux Style                          : Auto
Decoder Extraction                 : YES
Priority Encoder Extraction        : Yes
Shift Register Extraction          : YES
Logical Shifter Extraction         : YES
XOR Collapsing                     : YES
ROM Style                          : Auto
Mux Extraction                     : Yes
Resource Sharing                   : YES
Asynchronous To Synchronous        : NO
Multiplier Style                   : Auto
Automatic Register Balancing       : No

---- Target Options
Add IO Buffers                     : YES
Global Maximum Fanout              : 100000
Add Generic Clock Buffer(BUFG)     : 24
Register Duplication               : YES
Slice Packing                      : YES
Optimize Instantiated Primitives   : NO
Use Clock Enable                   : Yes
Use Synchronous Set                : Yes
Use Synchronous Reset              : Yes
Pack IO Registers into IOBs        : Auto
Equivalent register Removal        : YES

---- General Options
Optimization Goal                  : Speed
Optimization Effort                : 1
Keep Hierarchy                     : No
Netlist Hierarchy                  : As_Optimized
RTL Output                         : Yes
Global Optimization                : AllClockNets
Read Cores                         : YES
Write Timing Constraints           : NO
Cross Clock Analysis               : NO
Hierarchy Separator                : /
Bus Delimiter                      : <>
Case Specifier                     : Maintain
Slice Utilization Ratio            : 100
BRAM Utilization Ratio             : 100
Verilog 2001                       : YES
Auto BRAM Packing                  : NO
Slice Utilization Ratio Delta      : 5

=========================================================================


=========================================================================
*                          HDL Compilation                              *
=========================================================================
Compiling verilog file "divide4f.v" in library work
Module <DIVIDE_4F> compiled
No errors in compilation
Analysis of file <"DIVIDE_4F.prj"> succeeded.
 

=========================================================================
*                     Design Hierarchy Analysis                         *
=========================================================================
Analyzing hierarchy for module <DIVIDE_4F> in library <work>.


=========================================================================
*                            HDL Analysis                               *
=========================================================================
Analyzing top module <DIVIDE_4F>.
Module <DIVIDE_4F> is correct for synthesis.
 

=========================================================================
*                           HDL Synthesis                               *
=========================================================================

Performing bidirectional port resolution...

Synthesizing Unit <DIVIDE_4F>.
    Related source file is "divide4f.v".
    Found 1-bit register for signal <q>.
    Found 32-bit register for signal <counter>.
    Found 32-bit adder for signal <counter$addsub0000>.
    Found 1-of-4 decoder for signal <counter$mux0001> created at line 41.
    Found 33-bit comparator greater for signal <q$cmp_gt0000> created at line 35.
    Summary:
	inferred  33 D-type flip-flop(s).
	inferred   1 Adder/Subtractor(s).
	inferred   1 Comparator(s).
	inferred   1 Decoder(s).
Unit <DIVIDE_4F> synthesized.

INFO:Xst:1767 - HDL ADVISOR - Resource sharing has identified that some arithmetic operations in this design can share the same physical resources for reduced device utilization. For improved clock frequency you may try to disable resource sharing.

=========================================================================
HDL Synthesis Report

Macro Statistics
# Adders/Subtractors                                   : 1
 32-bit adder                                          : 1
# Registers                                            : 2
 1-bit register                                        : 1
 32-bit register                                       : 1
# Comparators                                          : 1
 33-bit comparator greater                             : 1
# Decoders                                             : 1
 1-of-4 decoder                                        : 1

=========================================================================

=========================================================================
*                       Advanced HDL Synthesis                          *
=========================================================================


=========================================================================
Advanced HDL Synthesis Report

Macro Statistics
# Adders/Subtractors                                   : 1
 32-bit adder                                          : 1
# Registers                                            : 33
 Flip-Flops                                            : 33
# Comparators                                          : 1
 33-bit comparator greater                             : 1
# Decoders                                             : 1
 1-of-4 decoder                                        : 1

=========================================================================

=========================================================================
*                         Low Level Synthesis                           *
=========================================================================

Optimizing unit <DIVIDE_4F> ...

Mapping all equations...
Building and optimizing final netlist ...
Found area constraint ratio of 100 (+ 5) on block DIVIDE_4F, actual ratio is 0.

Final Macro Processing ...

=========================================================================
Final Register Report

Macro Statistics
# Registers                                            : 33
 Flip-Flops                                            : 33

=========================================================================

=========================================================================
*                           Partition Report                            *
=========================================================================

Partition Implementation Status
-------------------------------

  No Partitions were found in this design.

-------------------------------

=========================================================================
*                            Final Report                               *
=========================================================================
Final Results
RTL Top Level Output File Name     : DIVIDE_4F.ngr
Top Level Output File Name         : DIVIDE_4F
Output Format                      : NGC
Optimization Goal                  : Speed
Keep Hierarchy                     : No

Design Statistics
# IOs                              : 5

Cell Usage :
# BELS                             : 151
#      GND                         : 1
#      INV                         : 3
#      LUT1                        : 28
#      LUT2                        : 34
#      LUT3                        : 5
#      LUT4                        : 6
#      MUXCY                       : 41
#      VCC                         : 1
#      XORCY                       : 32
# FlipFlops/Latches                : 33
#      FDC                         : 32
#      FDCE                        : 1
# Clock Buffers                    : 1
#      BUFGP                       : 1
# IO Buffers                       : 4
#      IBUF                        : 3
#      OBUF                        : 1
=========================================================================

Device utilization summary:
---------------------------

Selected Device : 3s500efg320-4 

 Number of Slices:                       40  out of   4656     0%  
 Number of Slice Flip Flops:             33  out of   9312     0%  
 Number of 4 input LUTs:                 76  out of   9312     0%  
 Number of IOs:                           5
 Number of bonded IOBs:                   5  out of    232     2%  
 Number of GCLKs:                         1  out of     24     4%  

---------------------------
Partition Resource Summary:
---------------------------

  No Partitions were found in this design.

---------------------------


=========================================================================
TIMING REPORT

NOTE: THESE TIMING NUMBERS ARE ONLY A SYNTHESIS ESTIMATE.
      FOR ACCURATE TIMING INFORMATION PLEASE REFER TO THE TRACE REPORT
      GENERATED AFTER PLACE-and-ROUTE.

Clock Information:
------------------
-----------------------------------+------------------------+-------+
Clock Signal                       | Clock buffer(FF name)  | Load  |
-----------------------------------+------------------------+-------+
clk                                | BUFGP                  | 33    |
-----------------------------------+------------------------+-------+

Asynchronous Control Signals Information:
----------------------------------------
-----------------------------------+------------------------+-------+
Control Signal                     | Buffer(FF name)        | Load  |
-----------------------------------+------------------------+-------+
reset                              | IBUF                   | 33    |
-----------------------------------+------------------------+-------+

Timing Summary:
---------------
Speed Grade: -4

   Minimum period: 6.299ns (Maximum Frequency: 158.755MHz)
   Minimum input arrival time before clock: 7.233ns
   Maximum output required time after clock: 4.310ns
   Maximum combinational path delay: No path found

Timing Detail:
--------------
All values displayed in nanoseconds (ns)

=========================================================================
Timing constraint: Default period analysis for Clock 'clk'
  Clock period: 6.299ns (frequency: 158.755MHz)
  Total number of paths / destination ports: 1736 / 34
-------------------------------------------------------------------------
Delay:               6.299ns (Levels of Logic = 34)
  Source:            counter_0 (FF)
  Destination:       counter_31 (FF)
  Source Clock:      clk rising
  Destination Clock: clk rising

  Data Path: counter_0 to counter_31
                                Gate     Net
    Cell:in->out      fanout   Delay   Delay  Logical Name (Net Name)
    ----------------------------------------  ------------
     FDC:C->Q              1   0.591   0.455  counter_0 (counter_0)
     LUT3:I2->O            1   0.704   0.000  Madd_counter_addsub0000_lut<0> (Madd_counter_addsub0000_lut<0>)
     MUXCY:S->O            1   0.464   0.000  Madd_counter_addsub0000_cy<0> (Madd_counter_addsub0000_cy<0>)
     MUXCY:CI->O           1   0.059   0.000  Madd_counter_addsub0000_cy<1> (Madd_counter_addsub0000_cy<1>)
     MUXCY:CI->O           1   0.059   0.000  Madd_counter_addsub0000_cy<2> (Madd_counter_addsub0000_cy<2>)
     MUXCY:CI->O           1   0.059   0.000  Madd_counter_addsub0000_cy<3> (Madd_counter_addsub0000_cy<3>)
     MUXCY:CI->O           1   0.059   0.000  Madd_counter_addsub0000_cy<4> (Madd_counter_addsub0000_cy<4>)
     MUXCY:CI->O           1   0.059   0.000  Madd_counter_addsub0000_cy<5> (Madd_counter_addsub0000_cy<5>)
     MUXCY:CI->O           1   0.059   0.000  Madd_counter_addsub0000_cy<6> (Madd_counter_addsub0000_cy<6>)
     MUXCY:CI->O           1   0.059   0.000  Madd_counter_addsub0000_cy<7> (Madd_counter_addsub0000_cy<7>)
     MUXCY:CI->O           1   0.059   0.000  Madd_counter_addsub0000_cy<8> (Madd_counter_addsub0000_cy<8>)
     MUXCY:CI->O           1   0.059   0.000  Madd_counter_addsub0000_cy<9> (Madd_counter_addsub0000_cy<9>)
     MUXCY:CI->O           1   0.059   0.000  Madd_counter_addsub0000_cy<10> (Madd_counter_addsub0000_cy<10>)
     MUXCY:CI->O           1   0.059   0.000  Madd_counter_addsub0000_cy<11> (Madd_counter_addsub0000_cy<11>)
     MUXCY:CI->O           1   0.059   0.000  Madd_counter_addsub0000_cy<12> (Madd_counter_addsub0000_cy<12>)
     MUXCY:CI->O           1   0.059   0.000  Madd_counter_addsub0000_cy<13> (Madd_counter_addsub0000_cy<13>)
     MUXCY:CI->O           1   0.059   0.000  Madd_counter_addsub0000_cy<14> (Madd_counter_addsub0000_cy<14>)
     MUXCY:CI->O           1   0.059   0.000  Madd_counter_addsub0000_cy<15> (Madd_counter_addsub0000_cy<15>)
     MUXCY:CI->O           1   0.059   0.000  Madd_counter_addsub0000_cy<16> (Madd_counter_addsub0000_cy<16>)
     MUXCY:CI->O           1   0.059   0.000  Madd_counter_addsub0000_cy<17> (Madd_counter_addsub0000_cy<17>)
     MUXCY:CI->O           1   0.059   0.000  Madd_counter_addsub0000_cy<18> (Madd_counter_addsub0000_cy<18>)
     MUXCY:CI->O           1   0.059   0.000  Madd_counter_addsub0000_cy<19> (Madd_counter_addsub0000_cy<19>)
     MUXCY:CI->O           1   0.059   0.000  Madd_counter_addsub0000_cy<20> (Madd_counter_addsub0000_cy<20>)
     MUXCY:CI->O           1   0.059   0.000  Madd_counter_addsub0000_cy<21> (Madd_counter_addsub0000_cy<21>)
     MUXCY:CI->O           1   0.059   0.000  Madd_counter_addsub0000_cy<22> (Madd_counter_addsub0000_cy<22>)
     MUXCY:CI->O           1   0.059   0.000  Madd_counter_addsub0000_cy<23> (Madd_counter_addsub0000_cy<23>)
     MUXCY:CI->O           1   0.059   0.000  Madd_counter_addsub0000_cy<24> (Madd_counter_addsub0000_cy<24>)
     MUXCY:CI->O           1   0.059   0.000  Madd_counter_addsub0000_cy<25> (Madd_counter_addsub0000_cy<25>)
     MUXCY:CI->O           1   0.059   0.000  Madd_counter_addsub0000_cy<26> (Madd_counter_addsub0000_cy<26>)
     MUXCY:CI->O           1   0.059   0.000  Madd_counter_addsub0000_cy<27> (Madd_counter_addsub0000_cy<27>)
     MUXCY:CI->O           1   0.059   0.000  Madd_counter_addsub0000_cy<28> (Madd_counter_addsub0000_cy<28>)
     MUXCY:CI->O           1   0.059   0.000  Madd_counter_addsub0000_cy<29> (Madd_counter_addsub0000_cy<29>)
     MUXCY:CI->O           0   0.059   0.000  Madd_counter_addsub0000_cy<30> (Madd_counter_addsub0000_cy<30>)
     XORCY:CI->O           1   0.804   0.499  Madd_counter_addsub0000_xor<31> (counter_addsub0000<31>)
     LUT2:I1->O            1   0.704   0.000  counter_mux0000<0>1 (counter_mux0000<0>)
     FDC:D                     0.308          counter_31
    ----------------------------------------
    Total                      6.299ns (5.345ns logic, 0.954ns route)
                                       (84.9% logic, 15.1% route)

=========================================================================
Timing constraint: Default OFFSET IN BEFORE for Clock 'clk'
  Total number of paths / destination ports: 244 / 32
-------------------------------------------------------------------------
Offset:              7.233ns (Levels of Logic = 35)
  Source:            control<1> (PAD)
  Destination:       counter_31 (FF)
  Destination Clock: clk rising

  Data Path: control<1> to counter_31
                                Gate     Net
    Cell:in->out      fanout   Delay   Delay  Logical Name (Net Name)
    ----------------------------------------  ------------
     IBUF:I->O             4   1.218   0.762  control_1_IBUF (control_1_IBUF)
     LUT3:I0->O            1   0.704   0.000  Madd_counter_addsub0000_lut<0> (Madd_counter_addsub0000_lut<0>)
     MUXCY:S->O            1   0.464   0.000  Madd_counter_addsub0000_cy<0> (Madd_counter_addsub0000_cy<0>)
     MUXCY:CI->O           1   0.059   0.000  Madd_counter_addsub0000_cy<1> (Madd_counter_addsub0000_cy<1>)
     MUXCY:CI->O           1   0.059   0.000  Madd_counter_addsub0000_cy<2> (Madd_counter_addsub0000_cy<2>)
     MUXCY:CI->O           1   0.059   0.000  Madd_counter_addsub0000_cy<3> (Madd_counter_addsub0000_cy<3>)
     MUXCY:CI->O           1   0.059   0.000  Madd_counter_addsub0000_cy<4> (Madd_counter_addsub0000_cy<4>)
     MUXCY:CI->O           1   0.059   0.000  Madd_counter_addsub0000_cy<5> (Madd_counter_addsub0000_cy<5>)
     MUXCY:CI->O           1   0.059   0.000  Madd_counter_addsub0000_cy<6> (Madd_counter_addsub0000_cy<6>)
     MUXCY:CI->O           1   0.059   0.000  Madd_counter_addsub0000_cy<7> (Madd_counter_addsub0000_cy<7>)
     MUXCY:CI->O           1   0.059   0.000  Madd_counter_addsub0000_cy<8> (Madd_counter_addsub0000_cy<8>)
     MUXCY:CI->O           1   0.059   0.000  Madd_counter_addsub0000_cy<9> (Madd_counter_addsub0000_cy<9>)
     MUXCY:CI->O           1   0.059   0.000  Madd_counter_addsub0000_cy<10> (Madd_counter_addsub0000_cy<10>)
     MUXCY:CI->O           1   0.059   0.000  Madd_counter_addsub0000_cy<11> (Madd_counter_addsub0000_cy<11>)
     MUXCY:CI->O           1   0.059   0.000  Madd_counter_addsub0000_cy<12> (Madd_counter_addsub0000_cy<12>)
     MUXCY:CI->O           1   0.059   0.000  Madd_counter_addsub0000_cy<13> (Madd_counter_addsub0000_cy<13>)
     MUXCY:CI->O           1   0.059   0.000  Madd_counter_addsub0000_cy<14> (Madd_counter_addsub0000_cy<14>)
     MUXCY:CI->O           1   0.059   0.000  Madd_counter_addsub0000_cy<15> (Madd_counter_addsub0000_cy<15>)
     MUXCY:CI->O           1   0.059   0.000  Madd_counter_addsub0000_cy<16> (Madd_counter_addsub0000_cy<16>)
     MUXCY:CI->O           1   0.059   0.000  Madd_counter_addsub0000_cy<17> (Madd_counter_addsub0000_cy<17>)
     MUXCY:CI->O           1   0.059   0.000  Madd_counter_addsub0000_cy<18> (Madd_counter_addsub0000_cy<18>)
     MUXCY:CI->O           1   0.059   0.000  Madd_counter_addsub0000_cy<19> (Madd_counter_addsub0000_cy<19>)
     MUXCY:CI->O           1   0.059   0.000  Madd_counter_addsub0000_cy<20> (Madd_counter_addsub0000_cy<20>)
     MUXCY:CI->O           1   0.059   0.000  Madd_counter_addsub0000_cy<21> (Madd_counter_addsub0000_cy<21>)
     MUXCY:CI->O           1   0.059   0.000  Madd_counter_addsub0000_cy<22> (Madd_counter_addsub0000_cy<22>)
     MUXCY:CI->O           1   0.059   0.000  Madd_counter_addsub0000_cy<23> (Madd_counter_addsub0000_cy<23>)
     MUXCY:CI->O           1   0.059   0.000  Madd_counter_addsub0000_cy<24> (Madd_counter_addsub0000_cy<24>)
     MUXCY:CI->O           1   0.059   0.000  Madd_counter_addsub0000_cy<25> (Madd_counter_addsub0000_cy<25>)
     MUXCY:CI->O           1   0.059   0.000  Madd_counter_addsub0000_cy<26> (Madd_counter_addsub0000_cy<26>)
     MUXCY:CI->O           1   0.059   0.000  Madd_counter_addsub0000_cy<27> (Madd_counter_addsub0000_cy<27>)
     MUXCY:CI->O           1   0.059   0.000  Madd_counter_addsub0000_cy<28> (Madd_counter_addsub0000_cy<28>)
     MUXCY:CI->O           1   0.059   0.000  Madd_counter_addsub0000_cy<29> (Madd_counter_addsub0000_cy<29>)
     MUXCY:CI->O           0   0.059   0.000  Madd_counter_addsub0000_cy<30> (Madd_counter_addsub0000_cy<30>)
     XORCY:CI->O           1   0.804   0.499  Madd_counter_addsub0000_xor<31> (counter_addsub0000<31>)
     LUT2:I1->O            1   0.704   0.000  counter_mux0000<0>1 (counter_mux0000<0>)
     FDC:D                     0.308          counter_31
    ----------------------------------------
    Total                      7.233ns (5.972ns logic, 1.261ns route)
                                       (82.6% logic, 17.4% route)

=========================================================================
Timing constraint: Default OFFSET OUT AFTER for Clock 'clk'
  Total number of paths / destination ports: 1 / 1
-------------------------------------------------------------------------
Offset:              4.310ns (Levels of Logic = 1)
  Source:            q (FF)
  Destination:       q (PAD)
  Source Clock:      clk rising

  Data Path: q to q
                                Gate     Net
    Cell:in->out      fanout   Delay   Delay  Logical Name (Net Name)
    ----------------------------------------  ------------
     FDCE:C->Q             2   0.591   0.447  q (q_OBUF)
     OBUF:I->O                 3.272          q_OBUF (q)
    ----------------------------------------
    Total                      4.310ns (3.863ns logic, 0.447ns route)
                                       (89.6% logic, 10.4% route)

=========================================================================


Total REAL time to Xst completion: 3.00 secs
Total CPU time to Xst completion: 2.72 secs
 
--> 

Total memory usage is 4497692 kilobytes

Number of errors   :    0 (   0 filtered)
Number of warnings :    0 (   0 filtered)
Number of infos    :    1 (   0 filtered)

