
****** PlanAhead v14.7 (64-bit)
  **** Build 321239 by xbuild on Fri Sep 27 19:29:51 MDT 2013
    ** Copyright 1986-1999, 2001-2013 Xilinx, Inc. All Rights Reserved.

INFO: [Common 17-78] Attempting to get a license: PlanAhead
INFO: [Common 17-290] Got license for PlanAhead
INFO: [Device 21-36] Loading parts and site information from C:/Xilinx/14.7/ISE_DS/PlanAhead/data/parts/arch.xml
Parsing RTL primitives file [C:/Xilinx/14.7/ISE_DS/PlanAhead/data/parts/xilinx/rtl/prims/rtl_prims.xml]
Finished parsing RTL primitives file [C:/Xilinx/14.7/ISE_DS/PlanAhead/data/parts/xilinx/rtl/prims/rtl_prims.xml]
start_gui
source G:/HK7/IClab/W5/lab/HW/pa.fromHdl.tcl
# create_project -name HW -dir "G:/HK7/IClab/W5/lab/HW/planAhead_run_1" -part xc3s500efg320-4
# set_param project.pinAheadLayout yes
# set srcset [get_property srcset [current_run -impl]]
# set_property target_constrs_file "PhanMinhNhat.ucf" [current_fileset -constrset]
Adding file 'G:/HK7/IClab/W5/lab/HW/PhanMinhNhat.ucf' to fileset 'constrs_1'
# set hdlfile [add_files [list {add3.v}]]
# set_property file_type Verilog $hdlfile
# set_property library work $hdlfile
# set hdlfile [add_files [list {TM1638.v}]]
# set_property file_type Verilog $hdlfile
# set_property library work $hdlfile
# set hdlfile [add_files [list {HEX_BCD.v}]]
# set_property file_type Verilog $hdlfile
# set_property library work $hdlfile
# set hdlfile [add_files [list {Counter.v}]]
# set_property file_type Verilog $hdlfile
# set_property library work $hdlfile
# set hdlfile [add_files [list {Clock_Div.v}]]
# set_property file_type Verilog $hdlfile
# set_property library work $hdlfile
# set hdlfile [add_files [list {PhanMinhNhat.v}]]
# set_property file_type Verilog $hdlfile
# set_property library work $hdlfile
# set_property top PhanMinhNhat $srcset
# add_files [list {PhanMinhNhat.ucf}] -fileset [get_property constrset [current_run]]
# open_rtl_design -part xc3s500efg320-4
Using Verific elaboration
Parsing VHDL file "C:/Xilinx/14.7/ISE_DS/PlanAhead/data/parts/xilinx/rtl/lib/synplify/synattr.vhd" into library synplify
Analyzing Verilog file "G:/HK7/IClab/W5/lab/HW/add3.v" into library work
Analyzing Verilog file "G:/HK7/IClab/W5/lab/HW/TM1638.v" into library work
Analyzing Verilog file "G:/HK7/IClab/W5/lab/HW/HEX_BCD.v" into library work
Analyzing Verilog file "G:/HK7/IClab/W5/lab/HW/Counter.v" into library work
Analyzing Verilog file "G:/HK7/IClab/W5/lab/HW/Clock_Div.v" into library work
Analyzing Verilog file "G:/HK7/IClab/W5/lab/HW/PhanMinhNhat.v" into library work
INFO: [Designutils 20-910] Reading macro library C:/Xilinx/14.7/ISE_DS/PlanAhead/data\./parts/xilinx/spartan3e/spartan3e/hd_int_macros.edn
Parsing EDIF File [C:/Xilinx/14.7/ISE_DS/PlanAhead/data\./parts/xilinx/spartan3e/spartan3e/hd_int_macros.edn]
Finished Parsing EDIF File [C:/Xilinx/14.7/ISE_DS/PlanAhead/data\./parts/xilinx/spartan3e/spartan3e/hd_int_macros.edn]
Loading clock regions from C:/Xilinx/14.7/ISE_DS/PlanAhead/data\parts/xilinx/spartan3e/spartan3e/xc3s500e/ClockRegion.xml
Loading clock buffers from C:/Xilinx/14.7/ISE_DS/PlanAhead/data\parts/xilinx/spartan3e/spartan3e/xc3s500e/ClockBuffers.xml
Loading package from C:/Xilinx/14.7/ISE_DS/PlanAhead/data\parts/xilinx/spartan3e/spartan3e/xc3s500e/fg320/Package.xml
Loading io standards from C:/Xilinx/14.7/ISE_DS/PlanAhead/data\./parts/xilinx/spartan3e/IOStandards.xml
INFO: [Device 21-19] Loading pkg sso from C:/Xilinx/14.7/ISE_DS/PlanAhead/data\parts/xilinx/spartan3e/spartan3e/xc3s500e/fg320/SSORules.xml
Loading list of drcs for the architecture : C:/Xilinx/14.7/ISE_DS/PlanAhead/data\./parts/xilinx/spartan3e/spartan3e/drc.xml
INFO: [Timing 38-77] Reading timing library C:/Xilinx/14.7/ISE_DS/PlanAhead/data\parts/xilinx/spartan3e/spartan3e/spartan3e-4.lib.
INFO: [Timing 38-34] Done reading timing library C:/Xilinx/14.7/ISE_DS/PlanAhead/data\parts/xilinx/spartan3e/spartan3e/spartan3e-4.lib.
Parsing UCF File [G:/HK7/IClab/W5/lab/HW/PhanMinhNhat.ucf]
Finished Parsing UCF File [G:/HK7/IClab/W5/lab/HW/PhanMinhNhat.ucf]
INFO: [Project 1-111] Unisim Transformation Summary:
No Unisim elements were transformed.

Phase 0 | Netlist Checksum: bb7f6978
update_compile_order -fileset sim_1
startgroup
set_property package_pin C9 [get_ports clki]
endgroup
startgroup
set_property package_pin F8 [get_ports clko]
endgroup
startgroup
set_property package_pin C7 [get_ports dio]
endgroup
startgroup
set_property package_pin E8 [get_ports stb]
endgroup
startgroup
set_property package_pin L13 [get_ports s0]
endgroup
startgroup
set_property package_pin L14 [get_ports s1]
endgroup
startgroup
set_property package_pin H18 [get_ports s2]
endgroup
set_property iostandard LVCMOS33 [get_ports [list clki]]
set_property iostandard LVCMOS33 [get_ports [list clko]]
set_property iostandard LVCMOS33 [get_ports [list dio]]
set_property iostandard LVCMOS33 [get_ports [list s0]]
set_property iostandard LVCMOS33 [get_ports [list s1]]
set_property iostandard LVCMOS33 [get_ports [list s2]]
set_property iostandard LVCMOS33 [get_ports [list stb]]
save_constraints
exit
ERROR: [Common 17-39] 'stop_gui' failed due to earlier errors.
INFO: [Common 17-206] Exiting PlanAhead at Tue Oct 03 19:29:28 2023...
INFO: [Common 17-83] Releasing license: PlanAhead
