Running: C:\Xilinx\14.7\ISE_DS\ISE\bin\nt64\unwrapped\fuse.exe -intstyle ise -incremental -lib unisims_ver -lib unimacro_ver -lib xilinxcorelib_ver -o G:/HK7/IClab/W3/lab/ex6/testBench_isim_beh.exe -prj G:/HK7/IClab/W3/lab/ex6/testBench_beh.prj work.testBench work.glbl 
ISim P.20131013 (signature 0x7708f090)
Number of CPUs detected in this system: 8
Turning on mult-threading, number of parallel sub-compilation jobs: 16 
Determining compilation order of HDL files
Analyzing Verilog file "G:/HK7/IClab/W3/lab/ex6/Shift1Led.v" into library work
Analyzing Verilog file "G:/HK7/IClab/W3/lab/ex6/h.v" into library work
Analyzing Verilog file "G:/HK7/IClab/W3/lab/ex6/Top.v" into library work
Analyzing Verilog file "G:/HK7/IClab/W3/lab/ex6/testBench.v" into library work
Analyzing Verilog file "C:/Xilinx/14.7/ISE_DS/ISE//verilog/src/glbl.v" into library work
Starting static elaboration
Completed static elaboration
Compiling module SHIFT_1LED
Compiling module divide4f
Compiling module TOP
Compiling module testBench
Compiling module glbl
Time Resolution for simulation is 1ps.
Waiting for 1 sub-compilation(s) to finish...
Compiled 5 Verilog Units
Built simulation executable G:/HK7/IClab/W3/lab/ex6/testBench_isim_beh.exe
Fuse Memory Usage: 28616 KB
Fuse CPU Usage: 311 ms
