Release 14.7 - xst P.20131013 (nt64)
Copyright (c) 1995-2013 Xilinx, Inc.  All rights reserved.
--> Parameter TMPDIR set to xst/projnav.tmp


Total REAL time to Xst completion: 0.00 secs
Total CPU time to Xst completion: 0.05 secs
 
--> Parameter xsthdpdir set to xst


Total REAL time to Xst completion: 0.00 secs
Total CPU time to Xst completion: 0.05 secs
 
--> Reading design: TOP.prj

TABLE OF CONTENTS
  1) Synthesis Options Summary
  2) HDL Compilation
  3) Design Hierarchy Analysis
  4) HDL Analysis
  5) HDL Synthesis
     5.1) HDL Synthesis Report
  6) Advanced HDL Synthesis
     6.1) Advanced HDL Synthesis Report
  7) Low Level Synthesis
  8) Partition Report
  9) Final Report
	9.1) Device utilization summary
	9.2) Partition Resource Summary
	9.3) TIMING REPORT


=========================================================================
*                      Synthesis Options Summary                        *
=========================================================================
---- Source Parameters
Input File Name                    : "TOP.prj"
Input Format                       : mixed
Ignore Synthesis Constraint File   : NO

---- Target Parameters
Output File Name                   : "TOP"
Output Format                      : NGC
Target Device                      : xc3s500e-4-fg320

---- Source Options
Top Module Name                    : TOP
Automatic FSM Extraction           : YES
FSM Encoding Algorithm             : Auto
Safe Implementation                : No
FSM Style                          : LUT
RAM Extraction                     : Yes
RAM Style                          : Auto
ROM Extraction                     : Yes
Mux Style                          : Auto
Decoder Extraction                 : YES
Priority Encoder Extraction        : Yes
Shift Register Extraction          : YES
Logical Shifter Extraction         : YES
XOR Collapsing                     : YES
ROM Style                          : Auto
Mux Extraction                     : Yes
Resource Sharing                   : YES
Asynchronous To Synchronous        : NO
Multiplier Style                   : Auto
Automatic Register Balancing       : No

---- Target Options
Add IO Buffers                     : YES
Global Maximum Fanout              : 100000
Add Generic Clock Buffer(BUFG)     : 24
Register Duplication               : YES
Slice Packing                      : YES
Optimize Instantiated Primitives   : NO
Use Clock Enable                   : Yes
Use Synchronous Set                : Yes
Use Synchronous Reset              : Yes
Pack IO Registers into IOBs        : Auto
Equivalent register Removal        : YES

---- General Options
Optimization Goal                  : Speed
Optimization Effort                : 1
Keep Hierarchy                     : No
Netlist Hierarchy                  : As_Optimized
RTL Output                         : Yes
Global Optimization                : AllClockNets
Read Cores                         : YES
Write Timing Constraints           : NO
Cross Clock Analysis               : NO
Hierarchy Separator                : /
Bus Delimiter                      : <>
Case Specifier                     : Maintain
Slice Utilization Ratio            : 100
BRAM Utilization Ratio             : 100
Verilog 2001                       : YES
Auto BRAM Packing                  : NO
Slice Utilization Ratio Delta      : 5

=========================================================================


=========================================================================
*                          HDL Compilation                              *
=========================================================================
Compiling verilog file "dived2f.v" in library work
Compiling verilog file "COUNTER.v" in library work
Module <dived2f> compiled
Compiling verilog file "TOP.v" in library work
Module <COUNTER> compiled
Module <TOP> compiled
No errors in compilation
Analysis of file <"TOP.prj"> succeeded.
 

=========================================================================
*                     Design Hierarchy Analysis                         *
=========================================================================
Analyzing hierarchy for module <TOP> in library <work>.

Analyzing hierarchy for module <dived2f> in library <work>.

Analyzing hierarchy for module <COUNTER> in library <work>.


=========================================================================
*                            HDL Analysis                               *
=========================================================================
Analyzing top module <TOP>.
Module <TOP> is correct for synthesis.
 
Analyzing module <dived2f> in library <work>.
Module <dived2f> is correct for synthesis.
 
Analyzing module <COUNTER> in library <work>.
Module <COUNTER> is correct for synthesis.
 

=========================================================================
*                           HDL Synthesis                               *
=========================================================================

Performing bidirectional port resolution...

Synthesizing Unit <dived2f>.
    Related source file is "dived2f.v".
    Found 1-bit register for signal <q>.
    Found 32-bit register for signal <counter>.
    Found 32-bit adder for signal <counter$addsub0000>.
    Found 1-of-4 decoder for signal <counter$mux0001> created at line 41.
    Found 33-bit comparator greater for signal <q$cmp_gt0000> created at line 35.
    Summary:
	inferred  33 D-type flip-flop(s).
	inferred   1 Adder/Subtractor(s).
	inferred   1 Comparator(s).
	inferred   1 Decoder(s).
Unit <dived2f> synthesized.


Synthesizing Unit <COUNTER>.
    Related source file is "COUNTER.v".
    Found 8-bit updown counter for signal <LED>.
    Summary:
	inferred   1 Counter(s).
Unit <COUNTER> synthesized.


Synthesizing Unit <TOP>.
    Related source file is "TOP.v".
Unit <TOP> synthesized.

INFO:Xst:1767 - HDL ADVISOR - Resource sharing has identified that some arithmetic operations in this design can share the same physical resources for reduced device utilization. For improved clock frequency you may try to disable resource sharing.

=========================================================================
HDL Synthesis Report

Macro Statistics
# Adders/Subtractors                                   : 1
 32-bit adder                                          : 1
# Counters                                             : 1
 8-bit updown counter                                  : 1
# Registers                                            : 2
 1-bit register                                        : 1
 32-bit register                                       : 1
# Comparators                                          : 1
 33-bit comparator greater                             : 1
# Decoders                                             : 1
 1-of-4 decoder                                        : 1

=========================================================================

=========================================================================
*                       Advanced HDL Synthesis                          *
=========================================================================


=========================================================================
Advanced HDL Synthesis Report

Macro Statistics
# Adders/Subtractors                                   : 1
 32-bit adder                                          : 1
# Counters                                             : 1
 8-bit updown counter                                  : 1
# Registers                                            : 33
 Flip-Flops                                            : 33
# Comparators                                          : 1
 33-bit comparator greater                             : 1
# Decoders                                             : 1
 1-of-4 decoder                                        : 1

=========================================================================

=========================================================================
*                         Low Level Synthesis                           *
=========================================================================

Optimizing unit <TOP> ...

Optimizing unit <dived2f> ...

Mapping all equations...
Building and optimizing final netlist ...
Found area constraint ratio of 100 (+ 5) on block TOP, actual ratio is 1.

Final Macro Processing ...

=========================================================================
Final Register Report

Macro Statistics
# Registers                                            : 41
 Flip-Flops                                            : 41

=========================================================================

=========================================================================
*                           Partition Report                            *
=========================================================================

Partition Implementation Status
-------------------------------

  No Partitions were found in this design.

-------------------------------

=========================================================================
*                            Final Report                               *
=========================================================================
Final Results
RTL Top Level Output File Name     : TOP.ngr
Top Level Output File Name         : TOP
Output Format                      : NGC
Optimization Goal                  : Speed
Keep Hierarchy                     : No

Design Statistics
# IOs                              : 13

Cell Usage :
# BELS                             : 185
#      GND                         : 1
#      INV                         : 7
#      LUT1                        : 32
#      LUT2                        : 41
#      LUT3                        : 5
#      LUT4                        : 5
#      MUXCY                       : 53
#      VCC                         : 1
#      XORCY                       : 40
# FlipFlops/Latches                : 41
#      FDC                         : 40
#      FDCE                        : 1
# Clock Buffers                    : 1
#      BUFGP                       : 1
# IO Buffers                       : 12
#      IBUF                        : 4
#      OBUF                        : 8
=========================================================================

Device utilization summary:
---------------------------

Selected Device : 3s500efg320-4 

 Number of Slices:                       47  out of   4656     1%  
 Number of Slice Flip Flops:             41  out of   9312     0%  
 Number of 4 input LUTs:                 90  out of   9312     0%  
 Number of IOs:                          13
 Number of bonded IOBs:                  13  out of    232     5%  
 Number of GCLKs:                         1  out of     24     4%  

---------------------------
Partition Resource Summary:
---------------------------

  No Partitions were found in this design.

---------------------------


=========================================================================
TIMING REPORT

NOTE: THESE TIMING NUMBERS ARE ONLY A SYNTHESIS ESTIMATE.
      FOR ACCURATE TIMING INFORMATION PLEASE REFER TO THE TRACE REPORT
      GENERATED AFTER PLACE-and-ROUTE.

Clock Information:
------------------
-----------------------------------+-------------------------+-------+
Clock Signal                       | Clock buffer(FF name)   | Load  |
-----------------------------------+-------------------------+-------+
d2f_inst/q                         | NONE(counter_inst/LED_0)| 8     |
clk                                | BUFGP                   | 33    |
-----------------------------------+-------------------------+-------+
INFO:Xst:2169 - HDL ADVISOR - Some clock signals were not automatically buffered by XST with BUFG/BUFR resources. Please use the buffer_type constraint in order to insert these buffers to the clock signals to help prevent skew problems.

Asynchronous Control Signals Information:
----------------------------------------
-----------------------------------+------------------------+-------+
Control Signal                     | Buffer(FF name)        | Load  |
-----------------------------------+------------------------+-------+
reset                              | IBUF                   | 41    |
-----------------------------------+------------------------+-------+

Timing Summary:
---------------
Speed Grade: -4

   Minimum period: 6.549ns (Maximum Frequency: 152.706MHz)
   Minimum input arrival time before clock: 7.233ns
   Maximum output required time after clock: 4.310ns
   Maximum combinational path delay: No path found

Timing Detail:
--------------
All values displayed in nanoseconds (ns)

=========================================================================
Timing constraint: Default period analysis for Clock 'd2f_inst/q'
  Clock period: 3.847ns (frequency: 259.943MHz)
  Total number of paths / destination ports: 64 / 8
-------------------------------------------------------------------------
Delay:               3.847ns (Levels of Logic = 9)
  Source:            counter_inst/LED_0 (FF)
  Destination:       counter_inst/LED_7 (FF)
  Source Clock:      d2f_inst/q rising
  Destination Clock: d2f_inst/q rising

  Data Path: counter_inst/LED_0 to counter_inst/LED_7
                                Gate     Net
    Cell:in->out      fanout   Delay   Delay  Logical Name (Net Name)
    ----------------------------------------  ------------
     FDC:C->Q              2   0.591   0.622  counter_inst/LED_0 (counter_inst/LED_0)
     LUT2:I0->O            1   0.704   0.000  counter_inst/Mcount_LED_lut<0> (counter_inst/Mcount_LED_lut<0>)
     MUXCY:S->O            1   0.464   0.000  counter_inst/Mcount_LED_cy<0> (counter_inst/Mcount_LED_cy<0>)
     MUXCY:CI->O           1   0.059   0.000  counter_inst/Mcount_LED_cy<1> (counter_inst/Mcount_LED_cy<1>)
     MUXCY:CI->O           1   0.059   0.000  counter_inst/Mcount_LED_cy<2> (counter_inst/Mcount_LED_cy<2>)
     MUXCY:CI->O           1   0.059   0.000  counter_inst/Mcount_LED_cy<3> (counter_inst/Mcount_LED_cy<3>)
     MUXCY:CI->O           1   0.059   0.000  counter_inst/Mcount_LED_cy<4> (counter_inst/Mcount_LED_cy<4>)
     MUXCY:CI->O           1   0.059   0.000  counter_inst/Mcount_LED_cy<5> (counter_inst/Mcount_LED_cy<5>)
     MUXCY:CI->O           0   0.059   0.000  counter_inst/Mcount_LED_cy<6> (counter_inst/Mcount_LED_cy<6>)
     XORCY:CI->O           1   0.804   0.000  counter_inst/Mcount_LED_xor<7> (Result<7>)
     FDC:D                     0.308          counter_inst/LED_7
    ----------------------------------------
    Total                      3.847ns (3.225ns logic, 0.622ns route)
                                       (83.8% logic, 16.2% route)

=========================================================================
Timing constraint: Default period analysis for Clock 'clk'
  Clock period: 6.549ns (frequency: 152.706MHz)
  Total number of paths / destination ports: 1769 / 34
-------------------------------------------------------------------------
Delay:               6.549ns (Levels of Logic = 17)
  Source:            d2f_inst/counter_0 (FF)
  Destination:       d2f_inst/q (FF)
  Source Clock:      clk rising
  Destination Clock: clk rising

  Data Path: d2f_inst/counter_0 to d2f_inst/q
                                Gate     Net
    Cell:in->out      fanout   Delay   Delay  Logical Name (Net Name)
    ----------------------------------------  ------------
     FDC:C->Q              2   0.591   0.622  d2f_inst/counter_0 (d2f_inst/counter_0)
     LUT4:I0->O            1   0.704   0.000  d2f_inst/Mcompar_q_cmp_gt0000_lut<0> (d2f_inst/Mcompar_q_cmp_gt0000_lut<0>)
     MUXCY:S->O            1   0.464   0.000  d2f_inst/Mcompar_q_cmp_gt0000_cy<0> (d2f_inst/Mcompar_q_cmp_gt0000_cy<0>)
     MUXCY:CI->O           1   0.059   0.000  d2f_inst/Mcompar_q_cmp_gt0000_cy<1> (d2f_inst/Mcompar_q_cmp_gt0000_cy<1>)
     MUXCY:CI->O           1   0.059   0.000  d2f_inst/Mcompar_q_cmp_gt0000_cy<2> (d2f_inst/Mcompar_q_cmp_gt0000_cy<2>)
     MUXCY:CI->O           1   0.059   0.000  d2f_inst/Mcompar_q_cmp_gt0000_cy<3> (d2f_inst/Mcompar_q_cmp_gt0000_cy<3>)
     MUXCY:CI->O           1   0.059   0.000  d2f_inst/Mcompar_q_cmp_gt0000_cy<4> (d2f_inst/Mcompar_q_cmp_gt0000_cy<4>)
     MUXCY:CI->O           1   0.059   0.000  d2f_inst/Mcompar_q_cmp_gt0000_cy<5> (d2f_inst/Mcompar_q_cmp_gt0000_cy<5>)
     MUXCY:CI->O           1   0.059   0.000  d2f_inst/Mcompar_q_cmp_gt0000_cy<6> (d2f_inst/Mcompar_q_cmp_gt0000_cy<6>)
     MUXCY:CI->O           1   0.059   0.000  d2f_inst/Mcompar_q_cmp_gt0000_cy<7> (d2f_inst/Mcompar_q_cmp_gt0000_cy<7>)
     MUXCY:CI->O           1   0.059   0.000  d2f_inst/Mcompar_q_cmp_gt0000_cy<8> (d2f_inst/Mcompar_q_cmp_gt0000_cy<8>)
     MUXCY:CI->O           1   0.059   0.000  d2f_inst/Mcompar_q_cmp_gt0000_cy<9> (d2f_inst/Mcompar_q_cmp_gt0000_cy<9>)
     MUXCY:CI->O           1   0.059   0.000  d2f_inst/Mcompar_q_cmp_gt0000_cy<10> (d2f_inst/Mcompar_q_cmp_gt0000_cy<10>)
     MUXCY:CI->O           1   0.059   0.000  d2f_inst/Mcompar_q_cmp_gt0000_cy<11> (d2f_inst/Mcompar_q_cmp_gt0000_cy<11>)
     MUXCY:CI->O           1   0.059   0.000  d2f_inst/Mcompar_q_cmp_gt0000_cy<12> (d2f_inst/Mcompar_q_cmp_gt0000_cy<12>)
     MUXCY:CI->O           1   0.059   0.000  d2f_inst/Mcompar_q_cmp_gt0000_cy<13> (d2f_inst/Mcompar_q_cmp_gt0000_cy<13>)
     MUXCY:CI->O          33   0.459   1.263  d2f_inst/Mcompar_q_cmp_gt0000_cy<14> (d2f_inst/Mcompar_q_cmp_gt0000_cy<14>)
     INV:I->O              1   0.704   0.420  d2f_inst/Mcompar_q_cmp_gt0000_cy<14>_inv_INV_0 (d2f_inst/q_cmp_gt0000)
     FDCE:CE                   0.555          d2f_inst/q
    ----------------------------------------
    Total                      6.549ns (4.244ns logic, 2.305ns route)
                                       (64.8% logic, 35.2% route)

=========================================================================
Timing constraint: Default OFFSET IN BEFORE for Clock 'd2f_inst/q'
  Total number of paths / destination ports: 44 / 8
-------------------------------------------------------------------------
Offset:              4.751ns (Levels of Logic = 10)
  Source:            UD (PAD)
  Destination:       counter_inst/LED_7 (FF)
  Destination Clock: d2f_inst/q rising

  Data Path: UD to counter_inst/LED_7
                                Gate     Net
    Cell:in->out      fanout   Delay   Delay  Logical Name (Net Name)
    ----------------------------------------  ------------
     IBUF:I->O             9   1.218   0.899  UD_IBUF (UD_IBUF)
     LUT2:I1->O            1   0.704   0.000  counter_inst/Mcount_LED_lut<0> (counter_inst/Mcount_LED_lut<0>)
     MUXCY:S->O            1   0.464   0.000  counter_inst/Mcount_LED_cy<0> (counter_inst/Mcount_LED_cy<0>)
     MUXCY:CI->O           1   0.059   0.000  counter_inst/Mcount_LED_cy<1> (counter_inst/Mcount_LED_cy<1>)
     MUXCY:CI->O           1   0.059   0.000  counter_inst/Mcount_LED_cy<2> (counter_inst/Mcount_LED_cy<2>)
     MUXCY:CI->O           1   0.059   0.000  counter_inst/Mcount_LED_cy<3> (counter_inst/Mcount_LED_cy<3>)
     MUXCY:CI->O           1   0.059   0.000  counter_inst/Mcount_LED_cy<4> (counter_inst/Mcount_LED_cy<4>)
     MUXCY:CI->O           1   0.059   0.000  counter_inst/Mcount_LED_cy<5> (counter_inst/Mcount_LED_cy<5>)
     MUXCY:CI->O           0   0.059   0.000  counter_inst/Mcount_LED_cy<6> (counter_inst/Mcount_LED_cy<6>)
     XORCY:CI->O           1   0.804   0.000  counter_inst/Mcount_LED_xor<7> (Result<7>)
     FDC:D                     0.308          counter_inst/LED_7
    ----------------------------------------
    Total                      4.751ns (3.852ns logic, 0.899ns route)
                                       (81.1% logic, 18.9% route)

=========================================================================
Timing constraint: Default OFFSET IN BEFORE for Clock 'clk'
  Total number of paths / destination ports: 244 / 32
-------------------------------------------------------------------------
Offset:              7.233ns (Levels of Logic = 35)
  Source:            control<1> (PAD)
  Destination:       d2f_inst/counter_31 (FF)
  Destination Clock: clk rising

  Data Path: control<1> to d2f_inst/counter_31
                                Gate     Net
    Cell:in->out      fanout   Delay   Delay  Logical Name (Net Name)
    ----------------------------------------  ------------
     IBUF:I->O             4   1.218   0.762  control_1_IBUF (control_1_IBUF)
     LUT3:I0->O            1   0.704   0.000  d2f_inst/Madd_counter_addsub0000_lut<0> (d2f_inst/Madd_counter_addsub0000_lut<0>)
     MUXCY:S->O            1   0.464   0.000  d2f_inst/Madd_counter_addsub0000_cy<0> (d2f_inst/Madd_counter_addsub0000_cy<0>)
     MUXCY:CI->O           1   0.059   0.000  d2f_inst/Madd_counter_addsub0000_cy<1> (d2f_inst/Madd_counter_addsub0000_cy<1>)
     MUXCY:CI->O           1   0.059   0.000  d2f_inst/Madd_counter_addsub0000_cy<2> (d2f_inst/Madd_counter_addsub0000_cy<2>)
     MUXCY:CI->O           1   0.059   0.000  d2f_inst/Madd_counter_addsub0000_cy<3> (d2f_inst/Madd_counter_addsub0000_cy<3>)
     MUXCY:CI->O           1   0.059   0.000  d2f_inst/Madd_counter_addsub0000_cy<4> (d2f_inst/Madd_counter_addsub0000_cy<4>)
     MUXCY:CI->O           1   0.059   0.000  d2f_inst/Madd_counter_addsub0000_cy<5> (d2f_inst/Madd_counter_addsub0000_cy<5>)
     MUXCY:CI->O           1   0.059   0.000  d2f_inst/Madd_counter_addsub0000_cy<6> (d2f_inst/Madd_counter_addsub0000_cy<6>)
     MUXCY:CI->O           1   0.059   0.000  d2f_inst/Madd_counter_addsub0000_cy<7> (d2f_inst/Madd_counter_addsub0000_cy<7>)
     MUXCY:CI->O           1   0.059   0.000  d2f_inst/Madd_counter_addsub0000_cy<8> (d2f_inst/Madd_counter_addsub0000_cy<8>)
     MUXCY:CI->O           1   0.059   0.000  d2f_inst/Madd_counter_addsub0000_cy<9> (d2f_inst/Madd_counter_addsub0000_cy<9>)
     MUXCY:CI->O           1   0.059   0.000  d2f_inst/Madd_counter_addsub0000_cy<10> (d2f_inst/Madd_counter_addsub0000_cy<10>)
     MUXCY:CI->O           1   0.059   0.000  d2f_inst/Madd_counter_addsub0000_cy<11> (d2f_inst/Madd_counter_addsub0000_cy<11>)
     MUXCY:CI->O           1   0.059   0.000  d2f_inst/Madd_counter_addsub0000_cy<12> (d2f_inst/Madd_counter_addsub0000_cy<12>)
     MUXCY:CI->O           1   0.059   0.000  d2f_inst/Madd_counter_addsub0000_cy<13> (d2f_inst/Madd_counter_addsub0000_cy<13>)
     MUXCY:CI->O           1   0.059   0.000  d2f_inst/Madd_counter_addsub0000_cy<14> (d2f_inst/Madd_counter_addsub0000_cy<14>)
     MUXCY:CI->O           1   0.059   0.000  d2f_inst/Madd_counter_addsub0000_cy<15> (d2f_inst/Madd_counter_addsub0000_cy<15>)
     MUXCY:CI->O           1   0.059   0.000  d2f_inst/Madd_counter_addsub0000_cy<16> (d2f_inst/Madd_counter_addsub0000_cy<16>)
     MUXCY:CI->O           1   0.059   0.000  d2f_inst/Madd_counter_addsub0000_cy<17> (d2f_inst/Madd_counter_addsub0000_cy<17>)
     MUXCY:CI->O           1   0.059   0.000  d2f_inst/Madd_counter_addsub0000_cy<18> (d2f_inst/Madd_counter_addsub0000_cy<18>)
     MUXCY:CI->O           1   0.059   0.000  d2f_inst/Madd_counter_addsub0000_cy<19> (d2f_inst/Madd_counter_addsub0000_cy<19>)
     MUXCY:CI->O           1   0.059   0.000  d2f_inst/Madd_counter_addsub0000_cy<20> (d2f_inst/Madd_counter_addsub0000_cy<20>)
     MUXCY:CI->O           1   0.059   0.000  d2f_inst/Madd_counter_addsub0000_cy<21> (d2f_inst/Madd_counter_addsub0000_cy<21>)
     MUXCY:CI->O           1   0.059   0.000  d2f_inst/Madd_counter_addsub0000_cy<22> (d2f_inst/Madd_counter_addsub0000_cy<22>)
     MUXCY:CI->O           1   0.059   0.000  d2f_inst/Madd_counter_addsub0000_cy<23> (d2f_inst/Madd_counter_addsub0000_cy<23>)
     MUXCY:CI->O           1   0.059   0.000  d2f_inst/Madd_counter_addsub0000_cy<24> (d2f_inst/Madd_counter_addsub0000_cy<24>)
     MUXCY:CI->O           1   0.059   0.000  d2f_inst/Madd_counter_addsub0000_cy<25> (d2f_inst/Madd_counter_addsub0000_cy<25>)
     MUXCY:CI->O           1   0.059   0.000  d2f_inst/Madd_counter_addsub0000_cy<26> (d2f_inst/Madd_counter_addsub0000_cy<26>)
     MUXCY:CI->O           1   0.059   0.000  d2f_inst/Madd_counter_addsub0000_cy<27> (d2f_inst/Madd_counter_addsub0000_cy<27>)
     MUXCY:CI->O           1   0.059   0.000  d2f_inst/Madd_counter_addsub0000_cy<28> (d2f_inst/Madd_counter_addsub0000_cy<28>)
     MUXCY:CI->O           1   0.059   0.000  d2f_inst/Madd_counter_addsub0000_cy<29> (d2f_inst/Madd_counter_addsub0000_cy<29>)
     MUXCY:CI->O           0   0.059   0.000  d2f_inst/Madd_counter_addsub0000_cy<30> (d2f_inst/Madd_counter_addsub0000_cy<30>)
     XORCY:CI->O           1   0.804   0.499  d2f_inst/Madd_counter_addsub0000_xor<31> (d2f_inst/counter_addsub0000<31>)
     LUT2:I1->O            1   0.704   0.000  d2f_inst/counter_mux0000<0>1 (d2f_inst/counter_mux0000<0>)
     FDC:D                     0.308          d2f_inst/counter_31
    ----------------------------------------
    Total                      7.233ns (5.972ns logic, 1.261ns route)
                                       (82.6% logic, 17.4% route)

=========================================================================
Timing constraint: Default OFFSET OUT AFTER for Clock 'd2f_inst/q'
  Total number of paths / destination ports: 8 / 8
-------------------------------------------------------------------------
Offset:              4.310ns (Levels of Logic = 1)
  Source:            counter_inst/LED_7 (FF)
  Destination:       LED<7> (PAD)
  Source Clock:      d2f_inst/q rising

  Data Path: counter_inst/LED_7 to LED<7>
                                Gate     Net
    Cell:in->out      fanout   Delay   Delay  Logical Name (Net Name)
    ----------------------------------------  ------------
     FDC:C->Q              2   0.591   0.447  counter_inst/LED_7 (counter_inst/LED_7)
     OBUF:I->O                 3.272          LED_7_OBUF (LED<7>)
    ----------------------------------------
    Total                      4.310ns (3.863ns logic, 0.447ns route)
                                       (89.6% logic, 10.4% route)

=========================================================================


Total REAL time to Xst completion: 3.00 secs
Total CPU time to Xst completion: 2.42 secs
 
--> 

Total memory usage is 4498396 kilobytes

Number of errors   :    0 (   0 filtered)
Number of warnings :    0 (   0 filtered)
Number of infos    :    2 (   0 filtered)

