#-----------------------------------------------------------
# PlanAhead v14.7 (64-bit)
# Build 321239 by xbuild on Fri Sep 27 19:29:51 MDT 2013
# Start of session at: Wed Oct 11 09:47:43 2023
# Process ID: 7664
# Log file: G:/HK7/IClab/Final/PhanMinhNhat/planAhead_run_1/planAhead.log
# Journal file: G:/HK7/IClab/Final/PhanMinhNhat/planAhead_run_1/planAhead.jou
#-----------------------------------------------------------
INFO: [Common 17-78] Attempting to get a license: PlanAhead
INFO: [Common 17-290] Got license for PlanAhead
INFO: [Device 21-36] Loading parts and site information from C:/Xilinx/14.7/ISE_DS/PlanAhead/data/parts/arch.xml
Parsing RTL primitives file [C:/Xilinx/14.7/ISE_DS/PlanAhead/data/parts/xilinx/rtl/prims/rtl_prims.xml]
Finished parsing RTL primitives file [C:/Xilinx/14.7/ISE_DS/PlanAhead/data/parts/xilinx/rtl/prims/rtl_prims.xml]
start_gui
source G:/HK7/IClab/Final/PhanMinhNhat/pa.fromHdl.tcl
# create_project -name PhanMinhNhat -dir "G:/HK7/IClab/Final/PhanMinhNhat/planAhead_run_1" -part xc3s500efg320-4
# set_param project.pinAheadLayout yes
# set srcset [get_property srcset [current_run -impl]]
# set_property target_constrs_file "PhanMinhNhat.ucf" [current_fileset -constrset]
Adding file 'G:/HK7/IClab/Final/PhanMinhNhat/PhanMinhNhat.ucf' to fileset 'constrs_1'
# set hdlfile [add_files [list {add3.v}]]
# set_property file_type Verilog $hdlfile
# set_property library work $hdlfile
# set hdlfile [add_files [list {TM1638.v}]]
# set_property file_type Verilog $hdlfile
# set_property library work $hdlfile
# set hdlfile [add_files [list {HEX_BCD.v}]]
# set_property file_type Verilog $hdlfile
# set_property library work $hdlfile
# set hdlfile [add_files [list {Counter.v}]]
# set_property file_type Verilog $hdlfile
# set_property library work $hdlfile
# set hdlfile [add_files [list {Clock_Div.v}]]
# set_property file_type Verilog $hdlfile
# set_property library work $hdlfile
# set hdlfile [add_files [list {PhanMinhNhat.v}]]
# set_property file_type Verilog $hdlfile
# set_property library work $hdlfile
# set_property top PhanMinhNhat $srcset
# add_files [list {PhanMinhNhat.ucf}] -fileset [get_property constrset [current_run]]
# open_rtl_design -part xc3s500efg320-4
Using Verific elaboration
Parsing VHDL file "C:/Xilinx/14.7/ISE_DS/PlanAhead/data/parts/xilinx/rtl/lib/synplify/synattr.vhd" into library synplify
Analyzing Verilog file "G:/HK7/IClab/Final/PhanMinhNhat/add3.v" into library work
Analyzing Verilog file "G:/HK7/IClab/Final/PhanMinhNhat/TM1638.v" into library work
Analyzing Verilog file "G:/HK7/IClab/Final/PhanMinhNhat/HEX_BCD.v" into library work
Analyzing Verilog file "G:/HK7/IClab/Final/PhanMinhNhat/Counter.v" into library work
Analyzing Verilog file "G:/HK7/IClab/Final/PhanMinhNhat/Clock_Div.v" into library work
Analyzing Verilog file "G:/HK7/IClab/Final/PhanMinhNhat/PhanMinhNhat.v" into library work
CRITICAL WARNING: [EDIF 20-96] Could not resolve non-primitive black box cell 'COUNTER' instantiated as 'counter' [G:/HK7/IClab/Final/PhanMinhNhat/PhanMinhNhat.v:36]
Resolution: File names need to match cell names: an EDIF definition will be found in COUNTER.edf; an HDL definition may be placed in any Verilog/VHDL file.
INFO: [Designutils 20-910] Reading macro library C:/Xilinx/14.7/ISE_DS/PlanAhead/data\./parts/xilinx/spartan3e/spartan3e/hd_int_macros.edn
Parsing EDIF File [C:/Xilinx/14.7/ISE_DS/PlanAhead/data\./parts/xilinx/spartan3e/spartan3e/hd_int_macros.edn]
Finished Parsing EDIF File [C:/Xilinx/14.7/ISE_DS/PlanAhead/data\./parts/xilinx/spartan3e/spartan3e/hd_int_macros.edn]
Loading clock regions from C:/Xilinx/14.7/ISE_DS/PlanAhead/data\parts/xilinx/spartan3e/spartan3e/xc3s500e/ClockRegion.xml
Loading clock buffers from C:/Xilinx/14.7/ISE_DS/PlanAhead/data\parts/xilinx/spartan3e/spartan3e/xc3s500e/ClockBuffers.xml
Loading package from C:/Xilinx/14.7/ISE_DS/PlanAhead/data\parts/xilinx/spartan3e/spartan3e/xc3s500e/fg320/Package.xml
Loading io standards from C:/Xilinx/14.7/ISE_DS/PlanAhead/data\./parts/xilinx/spartan3e/IOStandards.xml
INFO: [Device 21-19] Loading pkg sso from C:/Xilinx/14.7/ISE_DS/PlanAhead/data\parts/xilinx/spartan3e/spartan3e/xc3s500e/fg320/SSORules.xml
Loading list of drcs for the architecture : C:/Xilinx/14.7/ISE_DS/PlanAhead/data\./parts/xilinx/spartan3e/spartan3e/drc.xml
INFO: [Timing 38-77] Reading timing library C:/Xilinx/14.7/ISE_DS/PlanAhead/data\parts/xilinx/spartan3e/spartan3e/spartan3e-4.lib.
INFO: [Timing 38-34] Done reading timing library C:/Xilinx/14.7/ISE_DS/PlanAhead/data\parts/xilinx/spartan3e/spartan3e/spartan3e-4.lib.
Parsing UCF File [G:/HK7/IClab/Final/PhanMinhNhat/PhanMinhNhat.ucf]
Finished Parsing UCF File [G:/HK7/IClab/Final/PhanMinhNhat/PhanMinhNhat.ucf]
INFO: [Project 1-111] Unisim Transformation Summary:
No Unisim elements were transformed.

Phase 0 | Netlist Checksum: ee20a467
update_compile_order -fileset sim_1
exit
ERROR: [PlanAhead 12-106] *** Exception: ui.h.b: Found deleted key in HTclEventBroker. Verify if the classes listed here call cleanup()
HTclEvent: DEBUG_PORT_CONFIG_CHANGE   Classes: ui.views.aR 
HTclEvent: DEBUG_CORE_CONFIG_CHANGE   Classes: ui.views.aR 
HTclEvent: SIGNAL_MODIFY   Classes: ui.views.aR 
HTclEvent: SIGNAL_BUS_MODIFY   Classes: ui.views.aR 
 (See G:/HK7/IClab/Final/PhanMinhNhat\planAhead_pid7664.debug)
ERROR: [Common 17-39] 'stop_gui' failed due to earlier errors.
INFO: [Common 17-206] Exiting PlanAhead at Wed Oct 11 09:48:11 2023...
INFO: [Common 17-83] Releasing license: PlanAhead
