Running: C:\Xilinx\14.7\ISE_DS\ISE\bin\nt\unwrapped\fuse.exe -intstyle ise -incremental -lib unisims_ver -lib unimacro_ver -lib xilinxcorelib_ver -o G:/HK7/IClab/W1/lab4/Demux1to4/test14_isim_beh.exe -prj G:/HK7/IClab/W1/lab4/Demux1to4/test14_beh.prj work.test14 work.glbl 
ISim P.20131013 (signature 0x8ef4fb42)
Number of CPUs detected in this system: 8
Turning on mult-threading, number of parallel sub-compilation jobs: 16 
Determining compilation order of HDL files
Analyzing Verilog file "G:/HK7/IClab/W1/lab4/Demux1to4/demux14.v" into library work
Analyzing Verilog file "G:/HK7/IClab/W1/lab4/Demux1to4/test14.v" into library work
Analyzing Verilog file "C:/Xilinx/14.7/ISE_DS/ISE//verilog/src/glbl.v" into library work
Starting static elaboration
Completed static elaboration
Fuse Memory Usage: 160336 KB
Fuse CPU Usage: 156 ms
Compiling module demux14
Compiling module test14
Compiling module glbl
Time Resolution for simulation is 1ps.
Waiting for 1 sub-compilation(s) to finish...
Compiled 3 Verilog Units
Built simulation executable G:/HK7/IClab/W1/lab4/Demux1to4/test14_isim_beh.exe
Fuse Memory Usage: 164788 KB
Fuse CPU Usage: 233 ms
